{"/Users/henryschwerdtner/dev/shelf/app/page.tsx": {"path":"/Users/henryschwerdtner/dev/shelf/app/page.tsx","statementMap":{"0":{"start":{"line":26,"column":36},"end":{"line":26,"column":null}},"1":{"start":{"line":27,"column":24},"end":{"line":36,"column":null}},"2":{"start":{"line":38,"column":2},"end":{"line":49,"column":null}},"3":{"start":{"line":39,"column":22},"end":{"line":46,"column":null}},"4":{"start":{"line":40,"column":23},"end":{"line":40,"column":null}},"5":{"start":{"line":41,"column":6},"end":{"line":43,"column":null}},"6":{"start":{"line":42,"column":8},"end":{"line":42,"column":null}},"7":{"start":{"line":44,"column":22},"end":{"line":44,"column":null}},"8":{"start":{"line":45,"column":6},"end":{"line":45,"column":null}},"9":{"start":{"line":48,"column":4},"end":{"line":48,"column":null}},"10":{"start":{"line":51,"column":32},"end":{"line":51,"column":null}},"11":{"start":{"line":52,"column":28},"end":{"line":54,"column":null}},"12":{"start":{"line":56,"column":2},"end":{"line":118,"column":null}}},"fnMap":{"0":{"name":"DashboardPage","decl":{"start":{"line":25,"column":24},"end":{"line":25,"column":40}},"loc":{"start":{"line":25,"column":40},"end":{"line":120,"column":null}},"line":25},"1":{"name":"(anonymous_1)","decl":{"start":{"line":38,"column":12},"end":{"line":38,"column":18}},"loc":{"start":{"line":38,"column":18},"end":{"line":49,"column":5}},"line":38},"2":{"name":"(anonymous_2)","decl":{"start":{"line":39,"column":22},"end":{"line":39,"column":34}},"loc":{"start":{"line":39,"column":34},"end":{"line":46,"column":null}},"line":39}},"branchMap":{"0":{"loc":{"start":{"line":41,"column":6},"end":{"line":43,"column":null}},"type":"if","locations":[{"start":{"line":41,"column":6},"end":{"line":43,"column":null}},{"start":{},"end":{}}],"line":41},"1":{"loc":{"start":{"line":51,"column":32},"end":{"line":51,"column":null}},"type":"binary-expr","locations":[{"start":{"line":51,"column":32},"end":{"line":51,"column":105}},{"start":{"line":51,"column":105},"end":{"line":51,"column":null}}],"line":51},"2":{"loc":{"start":{"line":52,"column":28},"end":{"line":54,"column":null}},"type":"cond-expr","locations":[{"start":{"line":53,"column":6},"end":{"line":53,"column":null}},{"start":{"line":54,"column":6},"end":{"line":54,"column":null}}],"line":52},"3":{"loc":{"start":{"line":75,"column":24},"end":{"line":75,"column":null}},"type":"cond-expr","locations":[{"start":{"line":75,"column":52},"end":{"line":75,"column":65}},{"start":{"line":75,"column":65},"end":{"line":75,"column":null}}],"line":75},"4":{"loc":{"start":{"line":95,"column":52},"end":{"line":95,"column":138}},"type":"cond-expr","locations":[{"start":{"line":95,"column":76},"end":{"line":95,"column":136}},{"start":{"line":95,"column":136},"end":{"line":95,"column":138}}],"line":95}},"s":{"0":2,"1":2,"2":2,"3":1,"4":1,"5":1,"6":0,"7":1,"8":1,"9":1,"10":2,"11":2,"12":2},"f":{"0":2,"1":1,"2":1},"b":{"0":[0,1],"1":[2,1],"2":[1,1],"3":[1,1],"4":[1,1]},"meta":{"lastBranch":5,"lastFunction":3,"lastStatement":13,"seen":{"f:25:24:25:40":0,"s:26:36:26:Infinity":0,"s:27:24:36:Infinity":1,"s:38:2:49:Infinity":2,"f:38:12:38:18":1,"s:39:22:46:Infinity":3,"f:39:22:39:34":2,"s:40:23:40:Infinity":4,"b:41:6:43:Infinity:undefined:undefined:undefined:undefined":0,"s:41:6:43:Infinity":5,"s:42:8:42:Infinity":6,"s:44:22:44:Infinity":7,"s:45:6:45:Infinity":8,"s:48:4:48:Infinity":9,"s:51:32:51:Infinity":10,"b:51:32:51:105:51:105:51:Infinity":1,"s:52:28:54:Infinity":11,"b:53:6:53:Infinity:54:6:54:Infinity":2,"s:56:2:118:Infinity":12,"b:75:52:75:65:75:65:75:Infinity":3,"b:95:76:95:136:95:136:95:138":4}}}
,"/Users/henryschwerdtner/dev/shelf/app/activity/page.tsx": {"path":"/Users/henryschwerdtner/dev/shelf/app/activity/page.tsx","statementMap":{"0":{"start":{"line":26,"column":20},"end":{"line":35,"column":null}},"1":{"start":{"line":38,"column":14},"end":{"line":38,"column":null}},"2":{"start":{"line":39,"column":17},"end":{"line":39,"column":null}},"3":{"start":{"line":40,"column":22},"end":{"line":40,"column":null}},"4":{"start":{"line":42,"column":2},"end":{"line":44,"column":null}},"5":{"start":{"line":43,"column":4},"end":{"line":43,"column":null}},"6":{"start":{"line":46,"column":20},"end":{"line":46,"column":null}},"7":{"start":{"line":47,"column":2},"end":{"line":49,"column":null}},"8":{"start":{"line":48,"column":4},"end":{"line":48,"column":null}},"9":{"start":{"line":51,"column":19},"end":{"line":51,"column":null}},"10":{"start":{"line":52,"column":2},"end":{"line":54,"column":null}},"11":{"start":{"line":53,"column":4},"end":{"line":53,"column":null}},"12":{"start":{"line":56,"column":2},"end":{"line":56,"column":null}},"13":{"start":{"line":60,"column":12},"end":{"line":60,"column":null}},"14":{"start":{"line":61,"column":40},"end":{"line":61,"column":null}},"15":{"start":{"line":62,"column":26},"end":{"line":62,"column":null}},"16":{"start":{"line":63,"column":26},"end":{"line":63,"column":null}},"17":{"start":{"line":64,"column":22},"end":{"line":64,"column":null}},"18":{"start":{"line":65,"column":22},"end":{"line":65,"column":null}},"19":{"start":{"line":66,"column":17},"end":{"line":66,"column":null}},"20":{"start":{"line":67,"column":24},"end":{"line":67,"column":null}},"21":{"start":{"line":68,"column":28},"end":{"line":68,"column":null}},"22":{"start":{"line":70,"column":2},"end":{"line":101,"column":null}},"23":{"start":{"line":71,"column":4},"end":{"line":73,"column":null}},"24":{"start":{"line":72,"column":6},"end":{"line":72,"column":null}},"25":{"start":{"line":75,"column":17},"end":{"line":98,"column":null}},"26":{"start":{"line":76,"column":6},"end":{"line":76,"column":null}},"27":{"start":{"line":77,"column":6},"end":{"line":97,"column":null}},"28":{"start":{"line":78,"column":23},"end":{"line":83,"column":null}},"29":{"start":{"line":85,"column":25},"end":{"line":85,"column":null}},"30":{"start":{"line":86,"column":8},"end":{"line":90,"column":null}},"31":{"start":{"line":87,"column":10},"end":{"line":87,"column":null}},"32":{"start":{"line":88,"column":10},"end":{"line":88,"column":null}},"33":{"start":{"line":89,"column":10},"end":{"line":89,"column":null}},"34":{"start":{"line":92,"column":25},"end":{"line":92,"column":null}},"35":{"start":{"line":93,"column":8},"end":{"line":93,"column":null}},"36":{"start":{"line":94,"column":8},"end":{"line":94,"column":null}},"37":{"start":{"line":96,"column":8},"end":{"line":96,"column":null}},"38":{"start":{"line":100,"column":4},"end":{"line":100,"column":null}},"39":{"start":{"line":103,"column":2},"end":{"line":105,"column":null}},"40":{"start":{"line":104,"column":4},"end":{"line":104,"column":null}},"41":{"start":{"line":107,"column":2},"end":{"line":109,"column":null}},"42":{"start":{"line":108,"column":4},"end":{"line":108,"column":null}},"43":{"start":{"line":111,"column":2},"end":{"line":122,"column":null}},"44":{"start":{"line":112,"column":4},"end":{"line":120,"column":null}},"45":{"start":{"line":124,"column":2},"end":{"line":190,"column":null}},"46":{"start":{"line":140,"column":57},"end":{"line":140,"column":88}},"47":{"start":{"line":150,"column":20},"end":{"line":150,"column":null}},"48":{"start":{"line":167,"column":18},"end":{"line":179,"column":null}}},"fnMap":{"0":{"name":"formatRelative","decl":{"start":{"line":37,"column":9},"end":{"line":37,"column":24}},"loc":{"start":{"line":37,"column":47},"end":{"line":57,"column":null}},"line":37},"1":{"name":"ActivityPage","decl":{"start":{"line":59,"column":24},"end":{"line":59,"column":39}},"loc":{"start":{"line":59,"column":39},"end":{"line":192,"column":null}},"line":59},"2":{"name":"(anonymous_2)","decl":{"start":{"line":70,"column":12},"end":{"line":70,"column":18}},"loc":{"start":{"line":70,"column":18},"end":{"line":101,"column":5}},"line":70},"3":{"name":"(anonymous_3)","decl":{"start":{"line":75,"column":17},"end":{"line":75,"column":29}},"loc":{"start":{"line":75,"column":29},"end":{"line":98,"column":null}},"line":75},"4":{"name":"(anonymous_4)","decl":{"start":{"line":103,"column":12},"end":{"line":103,"column":18}},"loc":{"start":{"line":103,"column":18},"end":{"line":105,"column":5}},"line":103},"5":{"name":"(anonymous_5)","decl":{"start":{"line":140,"column":46},"end":{"line":140,"column":47}},"loc":{"start":{"line":140,"column":57},"end":{"line":140,"column":88}},"line":140},"6":{"name":"(anonymous_6)","decl":{"start":{"line":149,"column":35},"end":{"line":149,"column":36}},"loc":{"start":{"line":150,"column":20},"end":{"line":150,"column":null}},"line":150},"7":{"name":"(anonymous_7)","decl":{"start":{"line":166,"column":28},"end":{"line":166,"column":29}},"loc":{"start":{"line":167,"column":18},"end":{"line":179,"column":null}},"line":167}},"branchMap":{"0":{"loc":{"start":{"line":42,"column":2},"end":{"line":44,"column":null}},"type":"if","locations":[{"start":{"line":42,"column":2},"end":{"line":44,"column":null}},{"start":{},"end":{}}],"line":42},"1":{"loc":{"start":{"line":47,"column":2},"end":{"line":49,"column":null}},"type":"if","locations":[{"start":{"line":47,"column":2},"end":{"line":49,"column":null}},{"start":{},"end":{}}],"line":47},"2":{"loc":{"start":{"line":52,"column":2},"end":{"line":54,"column":null}},"type":"if","locations":[{"start":{"line":52,"column":2},"end":{"line":54,"column":null}},{"start":{},"end":{}}],"line":52},"3":{"loc":{"start":{"line":71,"column":4},"end":{"line":73,"column":null}},"type":"if","locations":[{"start":{"line":71,"column":4},"end":{"line":73,"column":null}},{"start":{},"end":{}}],"line":71},"4":{"loc":{"start":{"line":71,"column":8},"end":{"line":71,"column":33}},"type":"binary-expr","locations":[{"start":{"line":71,"column":8},"end":{"line":71,"column":23}},{"start":{"line":71,"column":23},"end":{"line":71,"column":33}}],"line":71},"5":{"loc":{"start":{"line":86,"column":8},"end":{"line":90,"column":null}},"type":"if","locations":[{"start":{"line":86,"column":8},"end":{"line":90,"column":null}},{"start":{},"end":{}}],"line":86},"6":{"loc":{"start":{"line":107,"column":2},"end":{"line":109,"column":null}},"type":"if","locations":[{"start":{"line":107,"column":2},"end":{"line":109,"column":null}},{"start":{},"end":{}}],"line":107},"7":{"loc":{"start":{"line":111,"column":2},"end":{"line":122,"column":null}},"type":"if","locations":[{"start":{"line":111,"column":2},"end":{"line":122,"column":null}},{"start":{},"end":{}}],"line":111},"8":{"loc":{"start":{"line":160,"column":13},"end":{"line":181,"column":null}},"type":"cond-expr","locations":[{"start":{"line":161,"column":14},"end":{"line":161,"column":null}},{"start":{"line":162,"column":16},"end":{"line":181,"column":null}}],"line":160},"9":{"loc":{"start":{"line":162,"column":16},"end":{"line":181,"column":null}},"type":"cond-expr","locations":[{"start":{"line":163,"column":14},"end":{"line":163,"column":null}},{"start":{"line":165,"column":14},"end":{"line":181,"column":null}}],"line":162},"10":{"loc":{"start":{"line":176,"column":25},"end":{"line":176,"column":69}},"type":"binary-expr","locations":[{"start":{"line":176,"column":25},"end":{"line":176,"column":46}},{"start":{"line":176,"column":46},"end":{"line":176,"column":65}},{"start":{"line":176,"column":65},"end":{"line":176,"column":69}}],"line":176}},"s":{"0":1,"1":0,"2":0,"3":0,"4":0,"5":0,"6":0,"7":0,"8":0,"9":0,"10":0,"11":0,"12":0,"13":0,"14":0,"15":0,"16":0,"17":0,"18":0,"19":0,"20":0,"21":0,"22":0,"23":0,"24":0,"25":0,"26":0,"27":0,"28":0,"29":0,"30":0,"31":0,"32":0,"33":0,"34":0,"35":0,"36":0,"37":0,"38":0,"39":0,"40":0,"41":0,"42":0,"43":0,"44":0,"45":0,"46":0,"47":0,"48":0},"f":{"0":0,"1":0,"2":0,"3":0,"4":0,"5":0,"6":0,"7":0},"b":{"0":[0,0],"1":[0,0],"2":[0,0],"3":[0,0],"4":[0,0],"5":[0,0],"6":[0,0],"7":[0,0],"8":[0,0],"9":[0,0],"10":[0,0,0]},"meta":{"lastBranch":11,"lastFunction":8,"lastStatement":49,"seen":{"s:26:20:35:Infinity":0,"f:37:9:37:24":0,"s:38:14:38:Infinity":1,"s:39:17:39:Infinity":2,"s:40:22:40:Infinity":3,"b:42:2:44:Infinity:undefined:undefined:undefined:undefined":0,"s:42:2:44:Infinity":4,"s:43:4:43:Infinity":5,"s:46:20:46:Infinity":6,"b:47:2:49:Infinity:undefined:undefined:undefined:undefined":1,"s:47:2:49:Infinity":7,"s:48:4:48:Infinity":8,"s:51:19:51:Infinity":9,"b:52:2:54:Infinity:undefined:undefined:undefined:undefined":2,"s:52:2:54:Infinity":10,"s:53:4:53:Infinity":11,"s:56:2:56:Infinity":12,"f:59:24:59:39":1,"s:60:12:60:Infinity":13,"s:61:40:61:Infinity":14,"s:62:26:62:Infinity":15,"s:63:26:63:Infinity":16,"s:64:22:64:Infinity":17,"s:65:22:65:Infinity":18,"s:66:17:66:Infinity":19,"s:67:24:67:Infinity":20,"s:68:28:68:Infinity":21,"s:70:2:101:Infinity":22,"f:70:12:70:18":2,"b:71:4:73:Infinity:undefined:undefined:undefined:undefined":3,"s:71:4:73:Infinity":23,"b:71:8:71:23:71:23:71:33":4,"s:72:6:72:Infinity":24,"s:75:17:98:Infinity":25,"f:75:17:75:29":3,"s:76:6:76:Infinity":26,"s:77:6:97:Infinity":27,"s:78:23:83:Infinity":28,"s:85:25:85:Infinity":29,"b:86:8:90:Infinity:undefined:undefined:undefined:undefined":5,"s:86:8:90:Infinity":30,"s:87:10:87:Infinity":31,"s:88:10:88:Infinity":32,"s:89:10:89:Infinity":33,"s:92:25:92:Infinity":34,"s:93:8:93:Infinity":35,"s:94:8:94:Infinity":36,"s:96:8:96:Infinity":37,"s:100:4:100:Infinity":38,"s:103:2:105:Infinity":39,"f:103:12:103:18":4,"s:104:4:104:Infinity":40,"b:107:2:109:Infinity:undefined:undefined:undefined:undefined":6,"s:107:2:109:Infinity":41,"s:108:4:108:Infinity":42,"b:111:2:122:Infinity:undefined:undefined:undefined:undefined":7,"s:111:2:122:Infinity":43,"s:112:4:120:Infinity":44,"s:124:2:190:Infinity":45,"f:140:46:140:47":5,"s:140:57:140:88":46,"f:149:35:149:36":6,"s:150:20:150:Infinity":47,"b:161:14:161:Infinity:162:16:181:Infinity":8,"b:163:14:163:Infinity:165:14:181:Infinity":9,"f:166:28:166:29":7,"s:167:18:179:Infinity":48,"b:176:25:176:46:176:46:176:65:176:65:176:69":10}}}
,"/Users/henryschwerdtner/dev/shelf/app/api/incidents/route.ts": {"path":"/Users/henryschwerdtner/dev/shelf/app/api/incidents/route.ts","statementMap":{"0":{"start":{"line":6,"column":29},"end":{"line":14,"column":null}},"1":{"start":{"line":17,"column":23},"end":{"line":17,"column":null}},"2":{"start":{"line":18,"column":15},"end":{"line":18,"column":null}},"3":{"start":{"line":19,"column":19},"end":{"line":19,"column":null}},"4":{"start":{"line":20,"column":20},"end":{"line":20,"column":null}},"5":{"start":{"line":22,"column":20},"end":{"line":26,"column":null}},"6":{"start":{"line":28,"column":19},"end":{"line":30,"column":null}},"7":{"start":{"line":30,"column":37},"end":{"line":30,"column":67}},"8":{"start":{"line":32,"column":16},"end":{"line":32,"column":null}},"9":{"start":{"line":33,"column":21},"end":{"line":33,"column":null}},"10":{"start":{"line":34,"column":25},"end":{"line":34,"column":null}},"11":{"start":{"line":35,"column":8},"end":{"line":35,"column":null}},"12":{"start":{"line":36,"column":25},"end":{"line":36,"column":null}},"13":{"start":{"line":38,"column":17},"end":{"line":43,"column":null}},"14":{"start":{"line":39,"column":40},"end":{"line":39,"column":66}},"15":{"start":{"line":40,"column":49},"end":{"line":40,"column":84}},"16":{"start":{"line":41,"column":44},"end":{"line":41,"column":74}},"17":{"start":{"line":42,"column":44},"end":{"line":42,"column":76}},"18":{"start":{"line":45,"column":2},"end":{"line":54,"column":null}},"19":{"start":{"line":58,"column":15},"end":{"line":58,"column":null}},"20":{"start":{"line":59,"column":17},"end":{"line":59,"column":null}},"21":{"start":{"line":61,"column":2},"end":{"line":63,"column":null}},"22":{"start":{"line":62,"column":4},"end":{"line":62,"column":null}},"23":{"start":{"line":65,"column":2},"end":{"line":92,"column":null}},"24":{"start":{"line":66,"column":10},"end":{"line":66,"column":null}},"25":{"start":{"line":67,"column":21},"end":{"line":67,"column":null}},"26":{"start":{"line":68,"column":22},"end":{"line":68,"column":null}},"27":{"start":{"line":69,"column":26},"end":{"line":69,"column":null}},"28":{"start":{"line":71,"column":21},"end":{"line":74,"column":null}},"29":{"start":{"line":76,"column":4},"end":{"line":84,"column":null}},"30":{"start":{"line":86,"column":4},"end":{"line":86,"column":null}},"31":{"start":{"line":88,"column":4},"end":{"line":91,"column":null}}},"fnMap":{"0":{"name":"GET","decl":{"start":{"line":16,"column":22},"end":{"line":16,"column":26}},"loc":{"start":{"line":16,"column":44},"end":{"line":55,"column":null}},"line":16},"1":{"name":"(anonymous_1)","decl":{"start":{"line":30,"column":23},"end":{"line":30,"column":24}},"loc":{"start":{"line":30,"column":37},"end":{"line":30,"column":67}},"line":30},"2":{"name":"(anonymous_2)","decl":{"start":{"line":39,"column":26},"end":{"line":39,"column":27}},"loc":{"start":{"line":39,"column":40},"end":{"line":39,"column":66}},"line":39},"3":{"name":"(anonymous_3)","decl":{"start":{"line":40,"column":35},"end":{"line":40,"column":36}},"loc":{"start":{"line":40,"column":49},"end":{"line":40,"column":84}},"line":40},"4":{"name":"(anonymous_4)","decl":{"start":{"line":41,"column":30},"end":{"line":41,"column":31}},"loc":{"start":{"line":41,"column":44},"end":{"line":41,"column":74}},"line":41},"5":{"name":"(anonymous_5)","decl":{"start":{"line":42,"column":30},"end":{"line":42,"column":31}},"loc":{"start":{"line":42,"column":44},"end":{"line":42,"column":76}},"line":42},"6":{"name":"POST","decl":{"start":{"line":57,"column":22},"end":{"line":57,"column":27}},"loc":{"start":{"line":57,"column":49},"end":{"line":93,"column":null}},"line":57}},"branchMap":{"0":{"loc":{"start":{"line":18,"column":27},"end":{"line":18,"column":69}},"type":"binary-expr","locations":[{"start":{"line":18,"column":27},"end":{"line":18,"column":68}},{"start":{"line":18,"column":68},"end":{"line":18,"column":69}}],"line":18},"1":{"loc":{"start":{"line":18,"column":34},"end":{"line":18,"column":63}},"type":"binary-expr","locations":[{"start":{"line":18,"column":34},"end":{"line":18,"column":62}},{"start":{"line":18,"column":62},"end":{"line":18,"column":63}}],"line":18},"2":{"loc":{"start":{"line":19,"column":45},"end":{"line":19,"column":93}},"type":"binary-expr","locations":[{"start":{"line":19,"column":45},"end":{"line":19,"column":91}},{"start":{"line":19,"column":91},"end":{"line":19,"column":93}}],"line":19},"3":{"loc":{"start":{"line":19,"column":52},"end":{"line":19,"column":86}},"type":"binary-expr","locations":[{"start":{"line":19,"column":52},"end":{"line":19,"column":84}},{"start":{"line":19,"column":84},"end":{"line":19,"column":86}}],"line":19},"4":{"loc":{"start":{"line":20,"column":20},"end":{"line":20,"column":null}},"type":"binary-expr","locations":[{"start":{"line":20,"column":20},"end":{"line":20,"column":110}},{"start":{"line":20,"column":110},"end":{"line":20,"column":null}}],"line":20},"5":{"loc":{"start":{"line":23,"column":13},"end":{"line":23,"column":null}},"type":"binary-expr","locations":[{"start":{"line":23,"column":13},"end":{"line":23,"column":52}},{"start":{"line":23,"column":52},"end":{"line":23,"column":null}}],"line":23},"6":{"loc":{"start":{"line":24,"column":13},"end":{"line":24,"column":null}},"type":"binary-expr","locations":[{"start":{"line":24,"column":13},"end":{"line":24,"column":100}},{"start":{"line":24,"column":100},"end":{"line":24,"column":null}}],"line":24},"7":{"loc":{"start":{"line":25,"column":12},"end":{"line":25,"column":null}},"type":"binary-expr","locations":[{"start":{"line":25,"column":12},"end":{"line":25,"column":50}},{"start":{"line":25,"column":50},"end":{"line":25,"column":null}}],"line":25},"8":{"loc":{"start":{"line":28,"column":19},"end":{"line":30,"column":null}},"type":"cond-expr","locations":[{"start":{"line":29,"column":6},"end":{"line":29,"column":null}},{"start":{"line":30,"column":6},"end":{"line":30,"column":null}}],"line":28},"9":{"loc":{"start":{"line":61,"column":2},"end":{"line":63,"column":null}},"type":"if","locations":[{"start":{"line":61,"column":2},"end":{"line":63,"column":null}},{"start":{},"end":{}}],"line":61},"10":{"loc":{"start":{"line":67,"column":21},"end":{"line":67,"column":null}},"type":"cond-expr","locations":[{"start":{"line":67,"column":31},"end":{"line":67,"column":69}},{"start":{"line":67,"column":69},"end":{"line":67,"column":null}}],"line":67},"11":{"loc":{"start":{"line":68,"column":22},"end":{"line":68,"column":null}},"type":"binary-expr","locations":[{"start":{"line":68,"column":22},"end":{"line":68,"column":47}},{"start":{"line":68,"column":47},"end":{"line":68,"column":null}}],"line":68},"12":{"loc":{"start":{"line":69,"column":26},"end":{"line":69,"column":null}},"type":"cond-expr","locations":[{"start":{"line":69,"column":37},"end":{"line":69,"column":81}},{"start":{"line":69,"column":81},"end":{"line":69,"column":null}}],"line":69},"13":{"loc":{"start":{"line":89,"column":15},"end":{"line":89,"column":84}},"type":"cond-expr","locations":[{"start":{"line":89,"column":40},"end":{"line":89,"column":56}},{"start":{"line":89,"column":56},"end":{"line":89,"column":84}}],"line":89}},"s":{"0":1,"1":1,"2":1,"3":1,"4":1,"5":1,"6":1,"7":2,"8":1,"9":1,"10":1,"11":1,"12":1,"13":1,"14":1,"15":1,"16":1,"17":1,"18":1,"19":2,"20":2,"21":2,"22":1,"23":1,"24":1,"25":1,"26":2,"27":2,"28":2,"29":1,"30":1,"31":0},"f":{"0":1,"1":2,"2":1,"3":1,"4":1,"5":1,"6":2},"b":{"0":[1,0],"1":[1,0],"2":[1,0],"3":[1,0],"4":[1,0],"5":[1,0],"6":[1,0],"7":[1,0],"8":[0,1],"9":[1,1],"10":[0,1],"11":[2,1],"12":[0,1],"13":[0,0]},"meta":{"lastBranch":14,"lastFunction":7,"lastStatement":32,"seen":{"s:6:29:14:Infinity":0,"f:16:22:16:26":0,"s:17:23:17:Infinity":1,"s:18:15:18:Infinity":2,"b:18:27:18:68:18:68:18:69":0,"b:18:34:18:62:18:62:18:63":1,"s:19:19:19:Infinity":3,"b:19:45:19:91:19:91:19:93":2,"b:19:52:19:84:19:84:19:86":3,"s:20:20:20:Infinity":4,"b:20:20:20:110:20:110:20:Infinity":4,"s:22:20:26:Infinity":5,"b:23:13:23:52:23:52:23:Infinity":5,"b:24:13:24:100:24:100:24:Infinity":6,"b:25:12:25:50:25:50:25:Infinity":7,"s:28:19:30:Infinity":6,"b:29:6:29:Infinity:30:6:30:Infinity":8,"f:30:23:30:24":1,"s:30:37:30:67":7,"s:32:16:32:Infinity":8,"s:33:21:33:Infinity":9,"s:34:25:34:Infinity":10,"s:35:8:35:Infinity":11,"s:36:25:36:Infinity":12,"s:38:17:43:Infinity":13,"f:39:26:39:27":2,"s:39:40:39:66":14,"f:40:35:40:36":3,"s:40:49:40:84":15,"f:41:30:41:31":4,"s:41:44:41:74":16,"f:42:30:42:31":5,"s:42:44:42:76":17,"s:45:2:54:Infinity":18,"f:57:22:57:27":6,"s:58:15:58:Infinity":19,"s:59:17:59:Infinity":20,"b:61:2:63:Infinity:undefined:undefined:undefined:undefined":9,"s:61:2:63:Infinity":21,"s:62:4:62:Infinity":22,"s:65:2:92:Infinity":23,"s:66:10:66:Infinity":24,"s:67:21:67:Infinity":25,"b:67:31:67:69:67:69:67:Infinity":10,"s:68:22:68:Infinity":26,"b:68:22:68:47:68:47:68:Infinity":11,"s:69:26:69:Infinity":27,"b:69:37:69:81:69:81:69:Infinity":12,"s:71:21:74:Infinity":28,"s:76:4:84:Infinity":29,"s:86:4:86:Infinity":30,"s:88:4:91:Infinity":31,"b:89:40:89:56:89:56:89:84":13}}}
,"/Users/henryschwerdtner/dev/shelf/app/api/incidents/[id]/route.ts": {"path":"/Users/henryschwerdtner/dev/shelf/app/api/incidents/[id]/route.ts","statementMap":{"0":{"start":{"line":7,"column":29},"end":{"line":17,"column":null}},"1":{"start":{"line":20,"column":17},"end":{"line":20,"column":null}},"2":{"start":{"line":21,"column":15},"end":{"line":21,"column":null}},"3":{"start":{"line":22,"column":17},"end":{"line":22,"column":null}},"4":{"start":{"line":24,"column":2},"end":{"line":26,"column":null}},"5":{"start":{"line":25,"column":4},"end":{"line":25,"column":null}},"6":{"start":{"line":28,"column":19},"end":{"line":28,"column":null}},"7":{"start":{"line":29,"column":2},"end":{"line":31,"column":null}},"8":{"start":{"line":30,"column":4},"end":{"line":30,"column":null}},"9":{"start":{"line":33,"column":8},"end":{"line":33,"column":null}},"10":{"start":{"line":34,"column":19},"end":{"line":34,"column":null}},"11":{"start":{"line":35,"column":20},"end":{"line":35,"column":null}},"12":{"start":{"line":36,"column":24},"end":{"line":36,"column":null}},"13":{"start":{"line":38,"column":2},"end":{"line":46,"column":null}},"14":{"start":{"line":48,"column":2},"end":{"line":48,"column":null}},"15":{"start":{"line":52,"column":17},"end":{"line":52,"column":null}},"16":{"start":{"line":53,"column":8},"end":{"line":53,"column":null}},"17":{"start":{"line":53,"column":59},"end":{"line":53,"column":74}},"18":{"start":{"line":55,"column":2},"end":{"line":57,"column":null}},"19":{"start":{"line":56,"column":4},"end":{"line":56,"column":null}},"20":{"start":{"line":59,"column":2},"end":{"line":59,"column":null}},"21":{"start":{"line":63,"column":17},"end":{"line":63,"column":null}},"22":{"start":{"line":65,"column":18},"end":{"line":65,"column":null}},"23":{"start":{"line":66,"column":2},"end":{"line":68,"column":null}},"24":{"start":{"line":67,"column":4},"end":{"line":67,"column":null}},"25":{"start":{"line":70,"column":8},"end":{"line":70,"column":null}},"26":{"start":{"line":71,"column":19},"end":{"line":71,"column":null}},"27":{"start":{"line":72,"column":20},"end":{"line":72,"column":null}},"28":{"start":{"line":73,"column":24},"end":{"line":73,"column":null}},"29":{"start":{"line":75,"column":2},"end":{"line":83,"column":null}},"30":{"start":{"line":85,"column":2},"end":{"line":85,"column":null}},"31":{"start":{"line":85,"column":52},"end":{"line":85,"column":103}},"32":{"start":{"line":87,"column":2},"end":{"line":87,"column":null}}},"fnMap":{"0":{"name":"PATCH","decl":{"start":{"line":19,"column":22},"end":{"line":19,"column":28}},"loc":{"start":{"line":19,"column":99},"end":{"line":49,"column":null}},"line":19},"1":{"name":"GET","decl":{"start":{"line":51,"column":22},"end":{"line":51,"column":26}},"loc":{"start":{"line":51,"column":87},"end":{"line":60,"column":null}},"line":51},"2":{"name":"(anonymous_2)","decl":{"start":{"line":53,"column":48},"end":{"line":53,"column":49}},"loc":{"start":{"line":53,"column":59},"end":{"line":53,"column":74}},"line":53},"3":{"name":"DELETE","decl":{"start":{"line":62,"column":22},"end":{"line":62,"column":29}},"loc":{"start":{"line":62,"column":100},"end":{"line":88,"column":null}},"line":62},"4":{"name":"(anonymous_4)","decl":{"start":{"line":85,"column":51},"end":{"line":85,"column":52}},"loc":{"start":{"line":85,"column":52},"end":{"line":85,"column":103}},"line":85}},"branchMap":{"0":{"loc":{"start":{"line":24,"column":2},"end":{"line":26,"column":null}},"type":"if","locations":[{"start":{"line":24,"column":2},"end":{"line":26,"column":null}},{"start":{},"end":{}}],"line":24},"1":{"loc":{"start":{"line":29,"column":2},"end":{"line":31,"column":null}},"type":"if","locations":[{"start":{"line":29,"column":2},"end":{"line":31,"column":null}},{"start":{},"end":{}}],"line":29},"2":{"loc":{"start":{"line":34,"column":19},"end":{"line":34,"column":null}},"type":"cond-expr","locations":[{"start":{"line":34,"column":29},"end":{"line":34,"column":67}},{"start":{"line":34,"column":67},"end":{"line":34,"column":null}}],"line":34},"3":{"loc":{"start":{"line":35,"column":20},"end":{"line":35,"column":null}},"type":"binary-expr","locations":[{"start":{"line":35,"column":20},"end":{"line":35,"column":45}},{"start":{"line":35,"column":45},"end":{"line":35,"column":null}}],"line":35},"4":{"loc":{"start":{"line":36,"column":24},"end":{"line":36,"column":null}},"type":"cond-expr","locations":[{"start":{"line":36,"column":35},"end":{"line":36,"column":79}},{"start":{"line":36,"column":79},"end":{"line":36,"column":null}}],"line":36},"5":{"loc":{"start":{"line":55,"column":2},"end":{"line":57,"column":null}},"type":"if","locations":[{"start":{"line":55,"column":2},"end":{"line":57,"column":null}},{"start":{},"end":{}}],"line":55},"6":{"loc":{"start":{"line":66,"column":2},"end":{"line":68,"column":null}},"type":"if","locations":[{"start":{"line":66,"column":2},"end":{"line":68,"column":null}},{"start":{},"end":{}}],"line":66},"7":{"loc":{"start":{"line":71,"column":19},"end":{"line":71,"column":null}},"type":"cond-expr","locations":[{"start":{"line":71,"column":29},"end":{"line":71,"column":67}},{"start":{"line":71,"column":67},"end":{"line":71,"column":null}}],"line":71},"8":{"loc":{"start":{"line":72,"column":20},"end":{"line":72,"column":null}},"type":"binary-expr","locations":[{"start":{"line":72,"column":20},"end":{"line":72,"column":45}},{"start":{"line":72,"column":45},"end":{"line":72,"column":null}}],"line":72},"9":{"loc":{"start":{"line":73,"column":24},"end":{"line":73,"column":null}},"type":"cond-expr","locations":[{"start":{"line":73,"column":35},"end":{"line":73,"column":79}},{"start":{"line":73,"column":79},"end":{"line":73,"column":null}}],"line":73}},"s":{"0":1,"1":1,"2":1,"3":1,"4":1,"5":1,"6":0,"7":0,"8":0,"9":0,"10":0,"11":1,"12":1,"13":1,"14":0,"15":1,"16":1,"17":0,"18":1,"19":1,"20":0,"21":1,"22":1,"23":1,"24":0,"25":1,"26":1,"27":1,"28":1,"29":1,"30":1,"31":2,"32":1},"f":{"0":1,"1":1,"2":0,"3":1,"4":2},"b":{"0":[1,0],"1":[0,0],"2":[0,0],"3":[1,0],"4":[0,0],"5":[1,0],"6":[0,1],"7":[1,0],"8":[1,0],"9":[1,0]},"meta":{"lastBranch":10,"lastFunction":5,"lastStatement":33,"seen":{"s:7:29:17:Infinity":0,"f:19:22:19:28":0,"s:20:17:20:Infinity":1,"s:21:15:21:Infinity":2,"s:22:17:22:Infinity":3,"b:24:2:26:Infinity:undefined:undefined:undefined:undefined":0,"s:24:2:26:Infinity":4,"s:25:4:25:Infinity":5,"s:28:19:28:Infinity":6,"b:29:2:31:Infinity:undefined:undefined:undefined:undefined":1,"s:29:2:31:Infinity":7,"s:30:4:30:Infinity":8,"s:33:8:33:Infinity":9,"s:34:19:34:Infinity":10,"b:34:29:34:67:34:67:34:Infinity":2,"s:35:20:35:Infinity":11,"b:35:20:35:45:35:45:35:Infinity":3,"s:36:24:36:Infinity":12,"b:36:35:36:79:36:79:36:Infinity":4,"s:38:2:46:Infinity":13,"s:48:2:48:Infinity":14,"f:51:22:51:26":1,"s:52:17:52:Infinity":15,"s:53:8:53:Infinity":16,"f:53:48:53:49":2,"s:53:59:53:74":17,"b:55:2:57:Infinity:undefined:undefined:undefined:undefined":5,"s:55:2:57:Infinity":18,"s:56:4:56:Infinity":19,"s:59:2:59:Infinity":20,"f:62:22:62:29":3,"s:63:17:63:Infinity":21,"s:65:18:65:Infinity":22,"b:66:2:68:Infinity:undefined:undefined:undefined:undefined":6,"s:66:2:68:Infinity":23,"s:67:4:67:Infinity":24,"s:70:8:70:Infinity":25,"s:71:19:71:Infinity":26,"b:71:29:71:67:71:67:71:Infinity":7,"s:72:20:72:Infinity":27,"b:72:20:72:45:72:45:72:Infinity":8,"s:73:24:73:Infinity":28,"b:73:35:73:79:73:79:73:Infinity":9,"s:75:2:83:Infinity":29,"s:85:2:85:Infinity":30,"f:85:51:85:52":4,"s:85:52:85:103":31,"s:87:2:87:Infinity":32}}}
,"/Users/henryschwerdtner/dev/shelf/app/assets/page.tsx": {"path":"/Users/henryschwerdtner/dev/shelf/app/assets/page.tsx","statementMap":{"0":{"start":{"line":40,"column":8},"end":{"line":40,"column":null}},"1":{"start":{"line":41,"column":18},"end":{"line":41,"column":null}},"2":{"start":{"line":42,"column":12},"end":{"line":42,"column":null}},"3":{"start":{"line":43,"column":26},"end":{"line":43,"column":null}},"4":{"start":{"line":44,"column":34},"end":{"line":44,"column":null}},"5":{"start":{"line":45,"column":32},"end":{"line":45,"column":null}},"6":{"start":{"line":46,"column":42},"end":{"line":46,"column":null}},"7":{"start":{"line":47,"column":26},"end":{"line":47,"column":null}},"8":{"start":{"line":48,"column":38},"end":{"line":48,"column":null}},"9":{"start":{"line":49,"column":42},"end":{"line":49,"column":null}},"10":{"start":{"line":50,"column":32},"end":{"line":50,"column":null}},"11":{"start":{"line":51,"column":32},"end":{"line":51,"column":null}},"12":{"start":{"line":52,"column":26},"end":{"line":52,"column":null}},"13":{"start":{"line":53,"column":40},"end":{"line":53,"column":null}},"14":{"start":{"line":54,"column":34},"end":{"line":54,"column":null}},"15":{"start":{"line":55,"column":30},"end":{"line":55,"column":null}},"16":{"start":{"line":56,"column":54},"end":{"line":56,"column":null}},"17":{"start":{"line":57,"column":22},"end":{"line":57,"column":null}},"18":{"start":{"line":58,"column":17},"end":{"line":58,"column":null}},"19":{"start":{"line":59,"column":36},"end":{"line":59,"column":null}},"20":{"start":{"line":61,"column":22},"end":{"line":70,"column":null}},"21":{"start":{"line":72,"column":19},"end":{"line":116,"column":null}},"22":{"start":{"line":73,"column":19},"end":{"line":80,"column":null}},"23":{"start":{"line":82,"column":82},"end":{"line":87,"column":null}},"24":{"start":{"line":89,"column":4},"end":{"line":93,"column":null}},"25":{"start":{"line":90,"column":22},"end":{"line":90,"column":null}},"26":{"start":{"line":91,"column":6},"end":{"line":91,"column":null}},"27":{"start":{"line":92,"column":6},"end":{"line":92,"column":null}},"28":{"start":{"line":95,"column":4},"end":{"line":98,"column":null}},"29":{"start":{"line":96,"column":22},"end":{"line":96,"column":null}},"30":{"start":{"line":97,"column":6},"end":{"line":97,"column":null}},"31":{"start":{"line":100,"column":4},"end":{"line":110,"column":null}},"32":{"start":{"line":101,"column":22},"end":{"line":101,"column":null}},"33":{"start":{"line":102,"column":12},"end":{"line":102,"column":null}},"34":{"start":{"line":102,"column":98},"end":{"line":102,"column":111}},"35":{"start":{"line":103,"column":6},"end":{"line":103,"column":null}},"36":{"start":{"line":104,"column":6},"end":{"line":109,"column":null}},"37":{"start":{"line":105,"column":8},"end":{"line":108,"column":null}},"38":{"start":{"line":105,"column":27},"end":{"line":108,"column":10}},"39":{"start":{"line":112,"column":4},"end":{"line":115,"column":null}},"40":{"start":{"line":113,"column":22},"end":{"line":113,"column":null}},"41":{"start":{"line":114,"column":6},"end":{"line":114,"column":null}},"42":{"start":{"line":118,"column":2},"end":{"line":120,"column":null}},"43":{"start":{"line":119,"column":4},"end":{"line":119,"column":null}},"44":{"start":{"line":122,"column":8},"end":{"line":157,"column":null}},"45":{"start":{"line":123,"column":21},"end":{"line":123,"column":null}},"46":{"start":{"line":124,"column":22},"end":{"line":124,"column":null}},"47":{"start":{"line":126,"column":25},"end":{"line":145,"column":null}},"48":{"start":{"line":127,"column":6},"end":{"line":144,"column":null}},"49":{"start":{"line":129,"column":10},"end":{"line":129,"column":null}},"50":{"start":{"line":131,"column":10},"end":{"line":131,"column":null}},"51":{"start":{"line":133,"column":10},"end":{"line":133,"column":null}},"52":{"start":{"line":135,"column":10},"end":{"line":135,"column":null}},"53":{"start":{"line":137,"column":10},"end":{"line":137,"column":null}},"54":{"start":{"line":139,"column":10},"end":{"line":139,"column":null}},"55":{"start":{"line":141,"column":10},"end":{"line":141,"column":null}},"56":{"start":{"line":143,"column":10},"end":{"line":143,"column":null}},"57":{"start":{"line":147,"column":4},"end":{"line":156,"column":null}},"58":{"start":{"line":148,"column":24},"end":{"line":148,"column":null}},"59":{"start":{"line":149,"column":25},"end":{"line":149,"column":null}},"60":{"start":{"line":151,"column":6},"end":{"line":153,"column":null}},"61":{"start":{"line":152,"column":8},"end":{"line":152,"column":null}},"62":{"start":{"line":155,"column":6},"end":{"line":155,"column":null}},"63":{"start":{"line":159,"column":2},"end":{"line":161,"column":null}},"64":{"start":{"line":160,"column":4},"end":{"line":160,"column":null}},"65":{"start":{"line":163,"column":8},"end":{"line":170,"column":null}},"66":{"start":{"line":164,"column":18},"end":{"line":164,"column":null}},"67":{"start":{"line":165,"column":4},"end":{"line":167,"column":null}},"68":{"start":{"line":166,"column":6},"end":{"line":166,"column":null}},"69":{"start":{"line":169,"column":4},"end":{"line":169,"column":null}},"70":{"start":{"line":169,"column":44},"end":{"line":169,"column":84}},"71":{"start":{"line":172,"column":27},"end":{"line":179,"column":null}},"72":{"start":{"line":173,"column":4},"end":{"line":176,"column":null}},"73":{"start":{"line":174,"column":6},"end":{"line":174,"column":null}},"74":{"start":{"line":174,"column":34},"end":{"line":174,"column":66}},"75":{"start":{"line":175,"column":6},"end":{"line":175,"column":null}},"76":{"start":{"line":177,"column":4},"end":{"line":177,"column":null}},"77":{"start":{"line":178,"column":4},"end":{"line":178,"column":null}},"78":{"start":{"line":181,"column":28},"end":{"line":215,"column":null}},"79":{"start":{"line":182,"column":4},"end":{"line":182,"column":null}},"80":{"start":{"line":183,"column":21},"end":{"line":196,"column":null}},"81":{"start":{"line":197,"column":4},"end":{"line":197,"column":null}},"82":{"start":{"line":199,"column":4},"end":{"line":201,"column":null}},"83":{"start":{"line":200,"column":6},"end":{"line":200,"column":null}},"84":{"start":{"line":203,"column":4},"end":{"line":203,"column":null}},"85":{"start":{"line":204,"column":4},"end":{"line":213,"column":null}},"86":{"start":{"line":214,"column":4},"end":{"line":214,"column":null}},"87":{"start":{"line":217,"column":28},"end":{"line":224,"column":null}},"88":{"start":{"line":218,"column":21},"end":{"line":218,"column":null}},"89":{"start":{"line":219,"column":4},"end":{"line":221,"column":null}},"90":{"start":{"line":220,"column":6},"end":{"line":220,"column":null}},"91":{"start":{"line":222,"column":4},"end":{"line":222,"column":null}},"92":{"start":{"line":223,"column":4},"end":{"line":223,"column":null}},"93":{"start":{"line":226,"column":31},"end":{"line":240,"column":null}},"94":{"start":{"line":227,"column":21},"end":{"line":227,"column":null}},"95":{"start":{"line":228,"column":4},"end":{"line":230,"column":null}},"96":{"start":{"line":229,"column":6},"end":{"line":229,"column":null}},"97":{"start":{"line":232,"column":20},"end":{"line":232,"column":null}},"98":{"start":{"line":233,"column":25},"end":{"line":233,"column":null}},"99":{"start":{"line":234,"column":4},"end":{"line":237,"column":null}},"100":{"start":{"line":235,"column":6},"end":{"line":235,"column":null}},"101":{"start":{"line":236,"column":6},"end":{"line":236,"column":null}},"102":{"start":{"line":239,"column":4},"end":{"line":239,"column":null}},"103":{"start":{"line":242,"column":29},"end":{"line":244,"column":null}},"104":{"start":{"line":243,"column":29},"end":{"line":243,"column":62}},"105":{"start":{"line":245,"column":30},"end":{"line":247,"column":null}},"106":{"start":{"line":247,"column":29},"end":{"line":247,"column":60}},"107":{"start":{"line":249,"column":2},"end":{"line":500,"column":null}},"108":{"start":{"line":272,"column":46},"end":{"line":272,"column":56}},"109":{"start":{"line":274,"column":28},"end":{"line":274,"column":null}},"110":{"start":{"line":285,"column":33},"end":{"line":285,"column":null}},"111":{"start":{"line":294,"column":35},"end":{"line":294,"column":null}},"112":{"start":{"line":303,"column":33},"end":{"line":303,"column":null}},"113":{"start":{"line":304,"column":18},"end":{"line":313,"column":null}},"114":{"start":{"line":308,"column":37},"end":{"line":308,"column":null}},"115":{"start":{"line":344,"column":10},"end":{"line":346,"column":null}},"116":{"start":{"line":345,"column":12},"end":{"line":345,"column":null}},"117":{"start":{"line":353,"column":10},"end":{"line":355,"column":null}},"118":{"start":{"line":354,"column":12},"end":{"line":354,"column":null}},"119":{"start":{"line":373,"column":37},"end":{"line":373,"column":null}},"120":{"start":{"line":373,"column":56},"end":{"line":373,"column":94}},"121":{"start":{"line":383,"column":44},"end":{"line":383,"column":null}},"122":{"start":{"line":383,"column":63},"end":{"line":383,"column":109}},"123":{"start":{"line":384,"column":55},"end":{"line":387,"column":20}},"124":{"start":{"line":398,"column":44},"end":{"line":398,"column":null}},"125":{"start":{"line":398,"column":63},"end":{"line":398,"column":105}},"126":{"start":{"line":418,"column":44},"end":{"line":418,"column":null}},"127":{"start":{"line":418,"column":63},"end":{"line":418,"column":97}},"128":{"start":{"line":421,"column":46},"end":{"line":425,"column":22}},"129":{"start":{"line":437,"column":44},"end":{"line":437,"column":null}},"130":{"start":{"line":437,"column":63},"end":{"line":437,"column":94}},"131":{"start":{"line":441,"column":52},"end":{"line":444,"column":22}},"132":{"start":{"line":462,"column":39},"end":{"line":462,"column":null}},"133":{"start":{"line":462,"column":58},"end":{"line":462,"column":97}},"134":{"start":{"line":474,"column":39},"end":{"line":474,"column":null}},"135":{"start":{"line":474,"column":58},"end":{"line":474,"column":104}},"136":{"start":{"line":481,"column":39},"end":{"line":481,"column":null}},"137":{"start":{"line":481,"column":58},"end":{"line":481,"column":83}},"138":{"start":{"line":482,"column":61},"end":{"line":482,"column":71}},"139":{"start":{"line":490,"column":53},"end":{"line":490,"column":null}}},"fnMap":{"0":{"name":"AssetsPage","decl":{"start":{"line":39,"column":24},"end":{"line":39,"column":37}},"loc":{"start":{"line":39,"column":37},"end":{"line":502,"column":null}},"line":39},"1":{"name":"(anonymous_1)","decl":{"start":{"line":72,"column":19},"end":{"line":72,"column":31}},"loc":{"start":{"line":72,"column":31},"end":{"line":116,"column":null}},"line":72},"2":{"name":"(anonymous_2)","decl":{"start":{"line":102,"column":66},"end":{"line":102,"column":67}},"loc":{"start":{"line":102,"column":98},"end":{"line":102,"column":111}},"line":102},"3":{"name":"(anonymous_3)","decl":{"start":{"line":105,"column":16},"end":{"line":105,"column":17}},"loc":{"start":{"line":105,"column":27},"end":{"line":108,"column":10}},"line":105},"4":{"name":"(anonymous_4)","decl":{"start":{"line":118,"column":12},"end":{"line":118,"column":18}},"loc":{"start":{"line":118,"column":18},"end":{"line":120,"column":5}},"line":118},"5":{"name":"(anonymous_5)","decl":{"start":{"line":122,"column":31},"end":{"line":122,"column":37}},"loc":{"start":{"line":122,"column":37},"end":{"line":157,"column":5}},"line":122},"6":{"name":"(anonymous_6)","decl":{"start":{"line":126,"column":25},"end":{"line":126,"column":26}},"loc":{"start":{"line":126,"column":60},"end":{"line":145,"column":null}},"line":126},"7":{"name":"(anonymous_7)","decl":{"start":{"line":147,"column":28},"end":{"line":147,"column":29}},"loc":{"start":{"line":147,"column":45},"end":{"line":156,"column":5}},"line":147},"8":{"name":"(anonymous_8)","decl":{"start":{"line":159,"column":12},"end":{"line":159,"column":18}},"loc":{"start":{"line":159,"column":18},"end":{"line":161,"column":5}},"line":159},"9":{"name":"(anonymous_9)","decl":{"start":{"line":163,"column":31},"end":{"line":163,"column":37}},"loc":{"start":{"line":163,"column":37},"end":{"line":170,"column":5}},"line":163},"10":{"name":"(anonymous_10)","decl":{"start":{"line":169,"column":33},"end":{"line":169,"column":34}},"loc":{"start":{"line":169,"column":44},"end":{"line":169,"column":84}},"line":169},"11":{"name":"(anonymous_11)","decl":{"start":{"line":172,"column":27},"end":{"line":172,"column":28}},"loc":{"start":{"line":172,"column":50},"end":{"line":179,"column":null}},"line":172},"12":{"name":"(anonymous_12)","decl":{"start":{"line":174,"column":23},"end":{"line":174,"column":24}},"loc":{"start":{"line":174,"column":34},"end":{"line":174,"column":66}},"line":174},"13":{"name":"(anonymous_13)","decl":{"start":{"line":181,"column":28},"end":{"line":181,"column":40}},"loc":{"start":{"line":181,"column":40},"end":{"line":215,"column":null}},"line":181},"14":{"name":"(anonymous_14)","decl":{"start":{"line":217,"column":28},"end":{"line":217,"column":35}},"loc":{"start":{"line":217,"column":50},"end":{"line":224,"column":null}},"line":217},"15":{"name":"(anonymous_15)","decl":{"start":{"line":226,"column":31},"end":{"line":226,"column":38}},"loc":{"start":{"line":226,"column":53},"end":{"line":240,"column":null}},"line":226},"16":{"name":"(anonymous_16)","decl":{"start":{"line":243,"column":18},"end":{"line":243,"column":19}},"loc":{"start":{"line":243,"column":29},"end":{"line":243,"column":62}},"line":243},"17":{"name":"(anonymous_17)","decl":{"start":{"line":247,"column":18},"end":{"line":247,"column":19}},"loc":{"start":{"line":247,"column":29},"end":{"line":247,"column":60}},"line":247},"18":{"name":"(anonymous_18)","decl":{"start":{"line":272,"column":35},"end":{"line":272,"column":36}},"loc":{"start":{"line":272,"column":46},"end":{"line":272,"column":56}},"line":272},"19":{"name":"(anonymous_19)","decl":{"start":{"line":274,"column":22},"end":{"line":274,"column":28}},"loc":{"start":{"line":274,"column":28},"end":{"line":274,"column":null}},"line":274},"20":{"name":"(anonymous_20)","decl":{"start":{"line":285,"column":27},"end":{"line":285,"column":33}},"loc":{"start":{"line":285,"column":33},"end":{"line":285,"column":null}},"line":285},"21":{"name":"(anonymous_21)","decl":{"start":{"line":294,"column":24},"end":{"line":294,"column":25}},"loc":{"start":{"line":294,"column":35},"end":{"line":294,"column":null}},"line":294},"22":{"name":"(anonymous_22)","decl":{"start":{"line":302,"column":33},"end":{"line":302,"column":34}},"loc":{"start":{"line":302,"column":44},"end":{"line":315,"column":17}},"line":302},"23":{"name":"(anonymous_23)","decl":{"start":{"line":308,"column":31},"end":{"line":308,"column":37}},"loc":{"start":{"line":308,"column":37},"end":{"line":308,"column":null}},"line":308},"24":{"name":"(anonymous_24)","decl":{"start":{"line":343,"column":22},"end":{"line":343,"column":23}},"loc":{"start":{"line":343,"column":32},"end":{"line":347,"column":null}},"line":343},"25":{"name":"(anonymous_25)","decl":{"start":{"line":352,"column":19},"end":{"line":352,"column":25}},"loc":{"start":{"line":352,"column":25},"end":{"line":356,"column":null}},"line":352},"26":{"name":"(anonymous_26)","decl":{"start":{"line":373,"column":26},"end":{"line":373,"column":27}},"loc":{"start":{"line":373,"column":37},"end":{"line":373,"column":null}},"line":373},"27":{"name":"(anonymous_27)","decl":{"start":{"line":373,"column":45},"end":{"line":373,"column":46}},"loc":{"start":{"line":373,"column":56},"end":{"line":373,"column":94}},"line":373},"28":{"name":"(anonymous_28)","decl":{"start":{"line":383,"column":33},"end":{"line":383,"column":34}},"loc":{"start":{"line":383,"column":44},"end":{"line":383,"column":null}},"line":383},"29":{"name":"(anonymous_29)","decl":{"start":{"line":383,"column":52},"end":{"line":383,"column":53}},"loc":{"start":{"line":383,"column":63},"end":{"line":383,"column":109}},"line":383},"30":{"name":"(anonymous_30)","decl":{"start":{"line":384,"column":40},"end":{"line":384,"column":41}},"loc":{"start":{"line":384,"column":55},"end":{"line":387,"column":20}},"line":384},"31":{"name":"(anonymous_31)","decl":{"start":{"line":398,"column":33},"end":{"line":398,"column":34}},"loc":{"start":{"line":398,"column":44},"end":{"line":398,"column":null}},"line":398},"32":{"name":"(anonymous_32)","decl":{"start":{"line":398,"column":52},"end":{"line":398,"column":53}},"loc":{"start":{"line":398,"column":63},"end":{"line":398,"column":105}},"line":398},"33":{"name":"(anonymous_33)","decl":{"start":{"line":418,"column":33},"end":{"line":418,"column":34}},"loc":{"start":{"line":418,"column":44},"end":{"line":418,"column":null}},"line":418},"34":{"name":"(anonymous_34)","decl":{"start":{"line":418,"column":52},"end":{"line":418,"column":53}},"loc":{"start":{"line":418,"column":63},"end":{"line":418,"column":97}},"line":418},"35":{"name":"(anonymous_35)","decl":{"start":{"line":421,"column":34},"end":{"line":421,"column":35}},"loc":{"start":{"line":421,"column":46},"end":{"line":425,"column":22}},"line":421},"36":{"name":"(anonymous_36)","decl":{"start":{"line":437,"column":33},"end":{"line":437,"column":34}},"loc":{"start":{"line":437,"column":44},"end":{"line":437,"column":null}},"line":437},"37":{"name":"(anonymous_37)","decl":{"start":{"line":437,"column":52},"end":{"line":437,"column":53}},"loc":{"start":{"line":437,"column":63},"end":{"line":437,"column":94}},"line":437},"38":{"name":"(anonymous_38)","decl":{"start":{"line":441,"column":37},"end":{"line":441,"column":38}},"loc":{"start":{"line":441,"column":52},"end":{"line":444,"column":22}},"line":441},"39":{"name":"(anonymous_39)","decl":{"start":{"line":462,"column":28},"end":{"line":462,"column":29}},"loc":{"start":{"line":462,"column":39},"end":{"line":462,"column":null}},"line":462},"40":{"name":"(anonymous_40)","decl":{"start":{"line":462,"column":47},"end":{"line":462,"column":48}},"loc":{"start":{"line":462,"column":58},"end":{"line":462,"column":97}},"line":462},"41":{"name":"(anonymous_41)","decl":{"start":{"line":474,"column":28},"end":{"line":474,"column":29}},"loc":{"start":{"line":474,"column":39},"end":{"line":474,"column":null}},"line":474},"42":{"name":"(anonymous_42)","decl":{"start":{"line":474,"column":47},"end":{"line":474,"column":48}},"loc":{"start":{"line":474,"column":58},"end":{"line":474,"column":104}},"line":474},"43":{"name":"(anonymous_43)","decl":{"start":{"line":481,"column":28},"end":{"line":481,"column":29}},"loc":{"start":{"line":481,"column":39},"end":{"line":481,"column":null}},"line":481},"44":{"name":"(anonymous_44)","decl":{"start":{"line":481,"column":47},"end":{"line":481,"column":48}},"loc":{"start":{"line":481,"column":58},"end":{"line":481,"column":83}},"line":481},"45":{"name":"(anonymous_45)","decl":{"start":{"line":482,"column":50},"end":{"line":482,"column":51}},"loc":{"start":{"line":482,"column":61},"end":{"line":482,"column":71}},"line":482},"46":{"name":"(anonymous_46)","decl":{"start":{"line":490,"column":47},"end":{"line":490,"column":53}},"loc":{"start":{"line":490,"column":53},"end":{"line":490,"column":null}},"line":490}},"branchMap":{"0":{"loc":{"start":{"line":89,"column":4},"end":{"line":93,"column":null}},"type":"if","locations":[{"start":{"line":89,"column":4},"end":{"line":93,"column":null}},{"start":{},"end":{}}],"line":89},"1":{"loc":{"start":{"line":92,"column":21},"end":{"line":92,"column":71}},"type":"binary-expr","locations":[{"start":{"line":92,"column":21},"end":{"line":92,"column":50}},{"start":{"line":92,"column":50},"end":{"line":92,"column":71}}],"line":92},"2":{"loc":{"start":{"line":95,"column":4},"end":{"line":98,"column":null}},"type":"if","locations":[{"start":{"line":95,"column":4},"end":{"line":98,"column":null}},{"start":{},"end":{}}],"line":95},"3":{"loc":{"start":{"line":100,"column":4},"end":{"line":110,"column":null}},"type":"if","locations":[{"start":{"line":100,"column":4},"end":{"line":110,"column":null}},{"start":{},"end":{}}],"line":100},"4":{"loc":{"start":{"line":102,"column":29},"end":{"line":102,"column":62}},"type":"binary-expr","locations":[{"start":{"line":102,"column":29},"end":{"line":102,"column":58}},{"start":{"line":102,"column":58},"end":{"line":102,"column":62}}],"line":102},"5":{"loc":{"start":{"line":104,"column":6},"end":{"line":109,"column":null}},"type":"if","locations":[{"start":{"line":104,"column":6},"end":{"line":109,"column":null}},{"start":{},"end":{}}],"line":104},"6":{"loc":{"start":{"line":107,"column":20},"end":{"line":107,"column":null}},"type":"cond-expr","locations":[{"start":{"line":107,"column":60},"end":{"line":107,"column":76}},{"start":{"line":107,"column":76},"end":{"line":107,"column":null}}],"line":107},"7":{"loc":{"start":{"line":112,"column":4},"end":{"line":115,"column":null}},"type":"if","locations":[{"start":{"line":112,"column":4},"end":{"line":115,"column":null}},{"start":{},"end":{}}],"line":112},"8":{"loc":{"start":{"line":114,"column":24},"end":{"line":114,"column":42}},"type":"binary-expr","locations":[{"start":{"line":114,"column":24},"end":{"line":114,"column":40}},{"start":{"line":114,"column":40},"end":{"line":114,"column":42}}],"line":114},"9":{"loc":{"start":{"line":124,"column":22},"end":{"line":124,"column":null}},"type":"cond-expr","locations":[{"start":{"line":124,"column":48},"end":{"line":124,"column":52}},{"start":{"line":124,"column":52},"end":{"line":124,"column":null}}],"line":124},"10":{"loc":{"start":{"line":127,"column":6},"end":{"line":144,"column":null}},"type":"switch","locations":[{"start":{"line":128,"column":8},"end":{"line":129,"column":null}},{"start":{"line":130,"column":8},"end":{"line":131,"column":null}},{"start":{"line":132,"column":8},"end":{"line":133,"column":null}},{"start":{"line":134,"column":8},"end":{"line":135,"column":null}},{"start":{"line":136,"column":8},"end":{"line":137,"column":null}},{"start":{"line":138,"column":8},"end":{"line":139,"column":null}},{"start":{"line":140,"column":8},"end":{"line":141,"column":null}},{"start":{"line":142,"column":8},"end":{"line":143,"column":null}}],"line":127},"11":{"loc":{"start":{"line":139,"column":17},"end":{"line":139,"column":null}},"type":"binary-expr","locations":[{"start":{"line":139,"column":17},"end":{"line":139,"column":37}},{"start":{"line":139,"column":37},"end":{"line":139,"column":null}}],"line":139},"12":{"loc":{"start":{"line":151,"column":6},"end":{"line":153,"column":null}},"type":"if","locations":[{"start":{"line":151,"column":6},"end":{"line":153,"column":null}},{"start":{},"end":{}}],"line":151},"13":{"loc":{"start":{"line":151,"column":10},"end":{"line":151,"column":75}},"type":"binary-expr","locations":[{"start":{"line":151,"column":10},"end":{"line":151,"column":43}},{"start":{"line":151,"column":43},"end":{"line":151,"column":75}}],"line":151},"14":{"loc":{"start":{"line":165,"column":4},"end":{"line":167,"column":null}},"type":"if","locations":[{"start":{"line":165,"column":4},"end":{"line":167,"column":null}},{"start":{},"end":{}}],"line":165},"15":{"loc":{"start":{"line":173,"column":4},"end":{"line":176,"column":null}},"type":"if","locations":[{"start":{"line":173,"column":4},"end":{"line":176,"column":null}},{"start":{},"end":{}}],"line":173},"16":{"loc":{"start":{"line":174,"column":34},"end":{"line":174,"column":66}},"type":"cond-expr","locations":[{"start":{"line":174,"column":51},"end":{"line":174,"column":60}},{"start":{"line":174,"column":60},"end":{"line":174,"column":66}}],"line":174},"17":{"loc":{"start":{"line":188,"column":23},"end":{"line":188,"column":null}},"type":"cond-expr","locations":[{"start":{"line":188,"column":55},"end":{"line":188,"column":62}},{"start":{"line":188,"column":62},"end":{"line":188,"column":null}}],"line":188},"18":{"loc":{"start":{"line":191,"column":20},"end":{"line":191,"column":null}},"type":"cond-expr","locations":[{"start":{"line":191,"column":49},"end":{"line":191,"column":56}},{"start":{"line":191,"column":56},"end":{"line":191,"column":null}}],"line":191},"19":{"loc":{"start":{"line":199,"column":4},"end":{"line":201,"column":null}},"type":"if","locations":[{"start":{"line":199,"column":4},"end":{"line":201,"column":null}},{"start":{},"end":{}}],"line":199},"20":{"loc":{"start":{"line":207,"column":16},"end":{"line":207,"column":null}},"type":"binary-expr","locations":[{"start":{"line":207,"column":16},"end":{"line":207,"column":33}},{"start":{"line":207,"column":33},"end":{"line":207,"column":null}}],"line":207},"21":{"loc":{"start":{"line":219,"column":4},"end":{"line":221,"column":null}},"type":"if","locations":[{"start":{"line":219,"column":4},"end":{"line":221,"column":null}},{"start":{},"end":{}}],"line":219},"22":{"loc":{"start":{"line":228,"column":4},"end":{"line":230,"column":null}},"type":"if","locations":[{"start":{"line":228,"column":4},"end":{"line":230,"column":null}},{"start":{},"end":{}}],"line":228},"23":{"loc":{"start":{"line":234,"column":4},"end":{"line":237,"column":null}},"type":"if","locations":[{"start":{"line":234,"column":4},"end":{"line":237,"column":null}},{"start":{},"end":{}}],"line":234},"24":{"loc":{"start":{"line":242,"column":29},"end":{"line":244,"column":null}},"type":"cond-expr","locations":[{"start":{"line":243,"column":6},"end":{"line":243,"column":null}},{"start":{"line":244,"column":6},"end":{"line":244,"column":null}}],"line":242},"25":{"loc":{"start":{"line":243,"column":6},"end":{"line":243,"column":null}},"type":"binary-expr","locations":[{"start":{"line":243,"column":6},"end":{"line":243,"column":67}},{"start":{"line":243,"column":67},"end":{"line":243,"column":null}}],"line":243},"26":{"loc":{"start":{"line":245,"column":30},"end":{"line":247,"column":null}},"type":"cond-expr","locations":[{"start":{"line":246,"column":6},"end":{"line":246,"column":null}},{"start":{"line":247,"column":6},"end":{"line":247,"column":null}}],"line":245},"27":{"loc":{"start":{"line":247,"column":6},"end":{"line":247,"column":null}},"type":"binary-expr","locations":[{"start":{"line":247,"column":6},"end":{"line":247,"column":65}},{"start":{"line":247,"column":65},"end":{"line":247,"column":null}}],"line":247},"28":{"loc":{"start":{"line":282,"column":15},"end":{"line":290,"column":null}},"type":"cond-expr","locations":[{"start":{"line":283,"column":16},"end":{"line":289,"column":null}},{"start":{"line":290,"column":18},"end":{"line":290,"column":null}}],"line":282},"29":{"loc":{"start":{"line":299,"column":15},"end":{"line":315,"column":null}},"type":"cond-expr","locations":[{"start":{"line":300,"column":16},"end":{"line":300,"column":null}},{"start":{"line":302,"column":16},"end":{"line":315,"column":null}}],"line":299},"30":{"loc":{"start":{"line":308,"column":50},"end":{"line":308,"column":77}},"type":"cond-expr","locations":[{"start":{"line":308,"column":59},"end":{"line":308,"column":67}},{"start":{"line":308,"column":67},"end":{"line":308,"column":77}}],"line":308},"31":{"loc":{"start":{"line":309,"column":136},"end":{"line":309,"column":192}},"type":"cond-expr","locations":[{"start":{"line":309,"column":145},"end":{"line":309,"column":176}},{"start":{"line":309,"column":176},"end":{"line":309,"column":192}}],"line":309},"32":{"loc":{"start":{"line":344,"column":10},"end":{"line":346,"column":null}},"type":"if","locations":[{"start":{"line":344,"column":10},"end":{"line":346,"column":null}},{"start":{},"end":{}}],"line":344},"33":{"loc":{"start":{"line":349,"column":59},"end":{"line":349,"column":90}},"type":"binary-expr","locations":[{"start":{"line":349,"column":59},"end":{"line":349,"column":87}},{"start":{"line":349,"column":87},"end":{"line":349,"column":90}}],"line":349},"34":{"loc":{"start":{"line":353,"column":10},"end":{"line":355,"column":null}},"type":"if","locations":[{"start":{"line":353,"column":10},"end":{"line":355,"column":null}},{"start":{},"end":{}}],"line":353},"35":{"loc":{"start":{"line":359,"column":7},"end":{"line":499,"column":null}},"type":"cond-expr","locations":[{"start":{"line":360,"column":6},"end":{"line":498,"column":null}},{"start":{"line":499,"column":10},"end":{"line":499,"column":null}}],"line":359},"36":{"loc":{"start":{"line":450,"column":17},"end":{"line":452,"column":null}},"type":"cond-expr","locations":[{"start":{"line":451,"column":18},"end":{"line":451,"column":null}},{"start":{"line":452,"column":20},"end":{"line":452,"column":null}}],"line":450},"37":{"loc":{"start":{"line":493,"column":30},"end":{"line":493,"column":71}},"type":"binary-expr","locations":[{"start":{"line":493,"column":30},"end":{"line":493,"column":42}},{"start":{"line":493,"column":42},"end":{"line":493,"column":71}}],"line":493},"38":{"loc":{"start":{"line":494,"column":15},"end":{"line":494,"column":null}},"type":"cond-expr","locations":[{"start":{"line":494,"column":26},"end":{"line":494,"column":48}},{"start":{"line":494,"column":48},"end":{"line":494,"column":null}}],"line":494}},"s":{"0":2,"1":2,"2":2,"3":2,"4":2,"5":2,"6":2,"7":2,"8":2,"9":2,"10":2,"11":2,"12":2,"13":2,"14":2,"15":2,"16":2,"17":2,"18":2,"19":2,"20":2,"21":2,"22":1,"23":1,"24":1,"25":1,"26":1,"27":1,"28":1,"29":1,"30":1,"31":1,"32":1,"33":1,"34":1,"35":1,"36":1,"37":1,"38":1,"39":1,"40":1,"41":1,"42":2,"43":1,"44":2,"45":2,"46":2,"47":2,"48":0,"49":0,"50":0,"51":0,"52":0,"53":0,"54":0,"55":0,"56":0,"57":2,"58":0,"59":0,"60":0,"61":0,"62":0,"63":2,"64":1,"65":2,"66":2,"67":2,"68":2,"69":0,"70":0,"71":2,"72":0,"73":0,"74":0,"75":0,"76":0,"77":0,"78":2,"79":0,"80":0,"81":0,"82":0,"83":0,"84":0,"85":0,"86":0,"87":2,"88":0,"89":0,"90":0,"91":0,"92":0,"93":2,"94":0,"95":0,"96":0,"97":0,"98":0,"99":0,"100":0,"101":0,"102":0,"103":2,"104":0,"105":2,"106":0,"107":2,"108":1,"109":0,"110":0,"111":0,"112":1,"113":1,"114":0,"115":0,"116":0,"117":0,"118":0,"119":0,"120":0,"121":0,"122":0,"123":1,"124":0,"125":0,"126":0,"127":0,"128":1,"129":0,"130":0,"131":1,"132":0,"133":0,"134":0,"135":0,"136":0,"137":0,"138":1,"139":0},"f":{"0":2,"1":1,"2":1,"3":1,"4":1,"5":2,"6":0,"7":0,"8":1,"9":2,"10":0,"11":0,"12":0,"13":0,"14":0,"15":0,"16":0,"17":0,"18":1,"19":0,"20":0,"21":0,"22":1,"23":0,"24":0,"25":0,"26":0,"27":0,"28":0,"29":0,"30":1,"31":0,"32":0,"33":0,"34":0,"35":1,"36":0,"37":0,"38":1,"39":0,"40":0,"41":0,"42":0,"43":0,"44":0,"45":1,"46":0},"b":{"0":[1,0],"1":[1,0],"2":[1,0],"3":[1,0],"4":[1,0],"5":[1,0],"6":[0,1],"7":[1,0],"8":[1,0],"9":[2,0],"10":[0,0,0,0,0,0,0,0],"11":[0,0],"12":[0,0],"13":[0,0],"14":[2,0],"15":[0,0],"16":[0,0],"17":[0,0],"18":[0,0],"19":[0,0],"20":[0,0],"21":[0,0],"22":[0,0],"23":[0,0],"24":[0,2],"25":[0,0],"26":[2,0],"27":[0,0],"28":[0,2],"29":[1,1],"30":[0,0],"31":[0,1],"32":[0,0],"33":[2,2],"34":[0,0],"35":[2,0],"36":[0,2],"37":[2,2],"38":[0,2]},"meta":{"lastBranch":39,"lastFunction":47,"lastStatement":140,"seen":{"f:39:24:39:37":0,"s:40:8:40:Infinity":0,"s:41:18:41:Infinity":1,"s:42:12:42:Infinity":2,"s:43:26:43:Infinity":3,"s:44:34:44:Infinity":4,"s:45:32:45:Infinity":5,"s:46:42:46:Infinity":6,"s:47:26:47:Infinity":7,"s:48:38:48:Infinity":8,"s:49:42:49:Infinity":9,"s:50:32:50:Infinity":10,"s:51:32:51:Infinity":11,"s:52:26:52:Infinity":12,"s:53:40:53:Infinity":13,"s:54:34:54:Infinity":14,"s:55:30:55:Infinity":15,"s:56:54:56:Infinity":16,"s:57:22:57:Infinity":17,"s:58:17:58:Infinity":18,"s:59:36:59:Infinity":19,"s:61:22:70:Infinity":20,"s:72:19:116:Infinity":21,"f:72:19:72:31":1,"s:73:19:80:Infinity":22,"s:82:82:87:Infinity":23,"b:89:4:93:Infinity:undefined:undefined:undefined:undefined":0,"s:89:4:93:Infinity":24,"s:90:22:90:Infinity":25,"s:91:6:91:Infinity":26,"s:92:6:92:Infinity":27,"b:92:21:92:50:92:50:92:71":1,"b:95:4:98:Infinity:undefined:undefined:undefined:undefined":2,"s:95:4:98:Infinity":28,"s:96:22:96:Infinity":29,"s:97:6:97:Infinity":30,"b:100:4:110:Infinity:undefined:undefined:undefined:undefined":3,"s:100:4:110:Infinity":31,"s:101:22:101:Infinity":32,"s:102:12:102:Infinity":33,"b:102:29:102:58:102:58:102:62":4,"f:102:66:102:67":2,"s:102:98:102:111":34,"s:103:6:103:Infinity":35,"b:104:6:109:Infinity:undefined:undefined:undefined:undefined":5,"s:104:6:109:Infinity":36,"s:105:8:108:Infinity":37,"f:105:16:105:17":3,"s:105:27:108:10":38,"b:107:60:107:76:107:76:107:Infinity":6,"b:112:4:115:Infinity:undefined:undefined:undefined:undefined":7,"s:112:4:115:Infinity":39,"s:113:22:113:Infinity":40,"s:114:6:114:Infinity":41,"b:114:24:114:40:114:40:114:42":8,"s:118:2:120:Infinity":42,"f:118:12:118:18":4,"s:119:4:119:Infinity":43,"s:122:8:157:Infinity":44,"f:122:31:122:37":5,"s:123:21:123:Infinity":45,"s:124:22:124:Infinity":46,"b:124:48:124:52:124:52:124:Infinity":9,"s:126:25:145:Infinity":47,"f:126:25:126:26":6,"b:128:8:129:Infinity:130:8:131:Infinity:132:8:133:Infinity:134:8:135:Infinity:136:8:137:Infinity:138:8:139:Infinity:140:8:141:Infinity:142:8:143:Infinity":10,"s:127:6:144:Infinity":48,"s:129:10:129:Infinity":49,"s:131:10:131:Infinity":50,"s:133:10:133:Infinity":51,"s:135:10:135:Infinity":52,"s:137:10:137:Infinity":53,"s:139:10:139:Infinity":54,"b:139:17:139:37:139:37:139:Infinity":11,"s:141:10:141:Infinity":55,"s:143:10:143:Infinity":56,"s:147:4:156:Infinity":57,"f:147:28:147:29":7,"s:148:24:148:Infinity":58,"s:149:25:149:Infinity":59,"b:151:6:153:Infinity:undefined:undefined:undefined:undefined":12,"s:151:6:153:Infinity":60,"b:151:10:151:43:151:43:151:75":13,"s:152:8:152:Infinity":61,"s:155:6:155:Infinity":62,"s:159:2:161:Infinity":63,"f:159:12:159:18":8,"s:160:4:160:Infinity":64,"s:163:8:170:Infinity":65,"f:163:31:163:37":9,"s:164:18:164:Infinity":66,"b:165:4:167:Infinity:undefined:undefined:undefined:undefined":14,"s:165:4:167:Infinity":67,"s:166:6:166:Infinity":68,"s:169:4:169:Infinity":69,"f:169:33:169:34":10,"s:169:44:169:84":70,"s:172:27:179:Infinity":71,"f:172:27:172:28":11,"b:173:4:176:Infinity:undefined:undefined:undefined:undefined":15,"s:173:4:176:Infinity":72,"s:174:6:174:Infinity":73,"f:174:23:174:24":12,"s:174:34:174:66":74,"b:174:51:174:60:174:60:174:66":16,"s:175:6:175:Infinity":75,"s:177:4:177:Infinity":76,"s:178:4:178:Infinity":77,"s:181:28:215:Infinity":78,"f:181:28:181:40":13,"s:182:4:182:Infinity":79,"s:183:21:196:Infinity":80,"b:188:55:188:62:188:62:188:Infinity":17,"b:191:49:191:56:191:56:191:Infinity":18,"s:197:4:197:Infinity":81,"b:199:4:201:Infinity:undefined:undefined:undefined:undefined":19,"s:199:4:201:Infinity":82,"s:200:6:200:Infinity":83,"s:203:4:203:Infinity":84,"s:204:4:213:Infinity":85,"b:207:16:207:33:207:33:207:Infinity":20,"s:214:4:214:Infinity":86,"s:217:28:224:Infinity":87,"f:217:28:217:35":14,"s:218:21:218:Infinity":88,"b:219:4:221:Infinity:undefined:undefined:undefined:undefined":21,"s:219:4:221:Infinity":89,"s:220:6:220:Infinity":90,"s:222:4:222:Infinity":91,"s:223:4:223:Infinity":92,"s:226:31:240:Infinity":93,"f:226:31:226:38":15,"s:227:21:227:Infinity":94,"b:228:4:230:Infinity:undefined:undefined:undefined:undefined":22,"s:228:4:230:Infinity":95,"s:229:6:229:Infinity":96,"s:232:20:232:Infinity":97,"s:233:25:233:Infinity":98,"b:234:4:237:Infinity:undefined:undefined:undefined:undefined":23,"s:234:4:237:Infinity":99,"s:235:6:235:Infinity":100,"s:236:6:236:Infinity":101,"s:239:4:239:Infinity":102,"s:242:29:244:Infinity":103,"b:243:6:243:Infinity:244:6:244:Infinity":24,"b:243:6:243:67:243:67:243:Infinity":25,"f:243:18:243:19":16,"s:243:29:243:62":104,"s:245:30:247:Infinity":105,"b:246:6:246:Infinity:247:6:247:Infinity":26,"b:247:6:247:65:247:65:247:Infinity":27,"f:247:18:247:19":17,"s:247:29:247:60":106,"s:249:2:500:Infinity":107,"f:272:35:272:36":18,"s:272:46:272:56":108,"f:274:22:274:28":19,"s:274:28:274:Infinity":109,"b:283:16:289:Infinity:290:18:290:Infinity":28,"f:285:27:285:33":20,"s:285:33:285:Infinity":110,"f:294:24:294:25":21,"s:294:35:294:Infinity":111,"b:300:16:300:Infinity:302:16:315:Infinity":29,"f:302:33:302:34":22,"s:303:33:303:Infinity":112,"s:304:18:313:Infinity":113,"f:308:31:308:37":23,"s:308:37:308:Infinity":114,"b:308:59:308:67:308:67:308:77":30,"b:309:145:309:176:309:176:309:192":31,"f:343:22:343:23":24,"b:344:10:346:Infinity:undefined:undefined:undefined:undefined":32,"s:344:10:346:Infinity":115,"s:345:12:345:Infinity":116,"b:349:59:349:87:349:87:349:90":33,"f:352:19:352:25":25,"b:353:10:355:Infinity:undefined:undefined:undefined:undefined":34,"s:353:10:355:Infinity":117,"s:354:12:354:Infinity":118,"b:360:6:498:Infinity:499:10:499:Infinity":35,"f:373:26:373:27":26,"s:373:37:373:Infinity":119,"f:373:45:373:46":27,"s:373:56:373:94":120,"f:383:33:383:34":28,"s:383:44:383:Infinity":121,"f:383:52:383:53":29,"s:383:63:383:109":122,"f:384:40:384:41":30,"s:384:55:387:20":123,"f:398:33:398:34":31,"s:398:44:398:Infinity":124,"f:398:52:398:53":32,"s:398:63:398:105":125,"f:418:33:418:34":33,"s:418:44:418:Infinity":126,"f:418:52:418:53":34,"s:418:63:418:97":127,"f:421:34:421:35":35,"s:421:46:425:22":128,"f:437:33:437:34":36,"s:437:44:437:Infinity":129,"f:437:52:437:53":37,"s:437:63:437:94":130,"f:441:37:441:38":38,"s:441:52:444:22":131,"b:451:18:451:Infinity:452:20:452:Infinity":36,"f:462:28:462:29":39,"s:462:39:462:Infinity":132,"f:462:47:462:48":40,"s:462:58:462:97":133,"f:474:28:474:29":41,"s:474:39:474:Infinity":134,"f:474:47:474:48":42,"s:474:58:474:104":135,"f:481:28:481:29":43,"s:481:39:481:Infinity":136,"f:481:47:481:48":44,"s:481:58:481:83":137,"f:482:50:482:51":45,"s:482:61:482:71":138,"f:490:47:490:53":46,"s:490:53:490:Infinity":139,"b:493:30:493:42:493:42:493:71":37,"b:494:26:494:48:494:48:494:Infinity":38}}}
,"/Users/henryschwerdtner/dev/shelf/app/assets/[id]/page.tsx": {"path":"/Users/henryschwerdtner/dev/shelf/app/assets/[id]/page.tsx","statementMap":{"0":{"start":{"line":29,"column":8},"end":{"line":29,"column":null}},"1":{"start":{"line":30,"column":13},"end":{"line":30,"column":null}},"2":{"start":{"line":31,"column":28},"end":{"line":31,"column":null}},"3":{"start":{"line":32,"column":18},"end":{"line":32,"column":null}},"4":{"start":{"line":33,"column":24},"end":{"line":33,"column":null}},"5":{"start":{"line":34,"column":32},"end":{"line":34,"column":null}},"6":{"start":{"line":35,"column":28},"end":{"line":35,"column":null}},"7":{"start":{"line":36,"column":32},"end":{"line":36,"column":null}},"8":{"start":{"line":37,"column":30},"end":{"line":37,"column":null}},"9":{"start":{"line":38,"column":28},"end":{"line":38,"column":null}},"10":{"start":{"line":39,"column":24},"end":{"line":39,"column":null}},"11":{"start":{"line":40,"column":42},"end":{"line":40,"column":null}},"12":{"start":{"line":41,"column":40},"end":{"line":41,"column":null}},"13":{"start":{"line":42,"column":44},"end":{"line":42,"column":null}},"14":{"start":{"line":43,"column":44},"end":{"line":43,"column":null}},"15":{"start":{"line":44,"column":34},"end":{"line":44,"column":null}},"16":{"start":{"line":45,"column":38},"end":{"line":45,"column":null}},"17":{"start":{"line":46,"column":56},"end":{"line":46,"column":null}},"18":{"start":{"line":47,"column":48},"end":{"line":47,"column":null}},"19":{"start":{"line":49,"column":19},"end":{"line":77,"column":null}},"20":{"start":{"line":50,"column":4},"end":{"line":50,"column":null}},"21":{"start":{"line":51,"column":45},"end":{"line":54,"column":null}},"22":{"start":{"line":56,"column":26},"end":{"line":56,"column":null}},"23":{"start":{"line":58,"column":4},"end":{"line":64,"column":null}},"24":{"start":{"line":59,"column":22},"end":{"line":59,"column":null}},"25":{"start":{"line":60,"column":6},"end":{"line":60,"column":null}},"26":{"start":{"line":61,"column":6},"end":{"line":61,"column":null}},"27":{"start":{"line":62,"column":6},"end":{"line":62,"column":null}},"28":{"start":{"line":63,"column":6},"end":{"line":63,"column":null}},"29":{"start":{"line":66,"column":4},"end":{"line":69,"column":null}},"30":{"start":{"line":67,"column":22},"end":{"line":67,"column":null}},"31":{"start":{"line":68,"column":6},"end":{"line":68,"column":null}},"32":{"start":{"line":71,"column":4},"end":{"line":74,"column":null}},"33":{"start":{"line":72,"column":22},"end":{"line":72,"column":null}},"34":{"start":{"line":73,"column":6},"end":{"line":73,"column":null}},"35":{"start":{"line":76,"column":4},"end":{"line":76,"column":null}},"36":{"start":{"line":79,"column":2},"end":{"line":81,"column":null}},"37":{"start":{"line":80,"column":4},"end":{"line":80,"column":null}},"38":{"start":{"line":83,"column":2},"end":{"line":95,"column":null}},"39":{"start":{"line":84,"column":24},"end":{"line":84,"column":null}},"40":{"start":{"line":84,"column":47},"end":{"line":84,"column":106}},"41":{"start":{"line":85,"column":4},"end":{"line":88,"column":null}},"42":{"start":{"line":86,"column":6},"end":{"line":86,"column":null}},"43":{"start":{"line":87,"column":6},"end":{"line":87,"column":null}},"44":{"start":{"line":90,"column":18},"end":{"line":92,"column":null}},"45":{"start":{"line":91,"column":6},"end":{"line":91,"column":null}},"46":{"start":{"line":91,"column":23},"end":{"line":91,"column":62}},"47":{"start":{"line":94,"column":4},"end":{"line":94,"column":null}},"48":{"start":{"line":94,"column":17},"end":{"line":94,"column":null}},"49":{"start":{"line":97,"column":23},"end":{"line":109,"column":null}},"50":{"start":{"line":98,"column":4},"end":{"line":100,"column":null}},"51":{"start":{"line":99,"column":6},"end":{"line":99,"column":null}},"52":{"start":{"line":101,"column":4},"end":{"line":105,"column":null}},"53":{"start":{"line":106,"column":4},"end":{"line":106,"column":null}},"54":{"start":{"line":107,"column":4},"end":{"line":107,"column":null}},"55":{"start":{"line":108,"column":4},"end":{"line":108,"column":null}},"56":{"start":{"line":111,"column":23},"end":{"line":118,"column":null}},"57":{"start":{"line":112,"column":4},"end":{"line":116,"column":null}},"58":{"start":{"line":117,"column":4},"end":{"line":117,"column":null}},"59":{"start":{"line":120,"column":23},"end":{"line":126,"column":null}},"60":{"start":{"line":121,"column":21},"end":{"line":121,"column":null}},"61":{"start":{"line":122,"column":4},"end":{"line":124,"column":null}},"62":{"start":{"line":123,"column":6},"end":{"line":123,"column":null}},"63":{"start":{"line":125,"column":4},"end":{"line":125,"column":null}},"64":{"start":{"line":128,"column":26},"end":{"line":139,"column":null}},"65":{"start":{"line":129,"column":21},"end":{"line":129,"column":null}},"66":{"start":{"line":130,"column":4},"end":{"line":132,"column":null}},"67":{"start":{"line":131,"column":6},"end":{"line":131,"column":null}},"68":{"start":{"line":134,"column":20},"end":{"line":134,"column":null}},"69":{"start":{"line":135,"column":25},"end":{"line":135,"column":null}},"70":{"start":{"line":136,"column":4},"end":{"line":138,"column":null}},"71":{"start":{"line":137,"column":6},"end":{"line":137,"column":null}},"72":{"start":{"line":141,"column":27},"end":{"line":161,"column":null}},"73":{"start":{"line":142,"column":4},"end":{"line":144,"column":null}},"74":{"start":{"line":143,"column":6},"end":{"line":143,"column":null}},"75":{"start":{"line":146,"column":4},"end":{"line":146,"column":null}},"76":{"start":{"line":147,"column":21},"end":{"line":147,"column":null}},"77":{"start":{"line":148,"column":4},"end":{"line":148,"column":null}},"78":{"start":{"line":149,"column":4},"end":{"line":149,"column":null}},"79":{"start":{"line":151,"column":21},"end":{"line":154,"column":null}},"80":{"start":{"line":156,"column":4},"end":{"line":156,"column":null}},"81":{"start":{"line":157,"column":4},"end":{"line":159,"column":null}},"82":{"start":{"line":158,"column":6},"end":{"line":158,"column":null}},"83":{"start":{"line":160,"column":4},"end":{"line":160,"column":null}},"84":{"start":{"line":163,"column":27},"end":{"line":169,"column":null}},"85":{"start":{"line":164,"column":21},"end":{"line":164,"column":null}},"86":{"start":{"line":165,"column":4},"end":{"line":167,"column":null}},"87":{"start":{"line":166,"column":6},"end":{"line":166,"column":null}},"88":{"start":{"line":168,"column":4},"end":{"line":168,"column":null}},"89":{"start":{"line":171,"column":36},"end":{"line":230,"column":null}},"90":{"start":{"line":172,"column":4},"end":{"line":174,"column":null}},"91":{"start":{"line":173,"column":6},"end":{"line":173,"column":null}},"92":{"start":{"line":176,"column":4},"end":{"line":176,"column":null}},"93":{"start":{"line":178,"column":4},"end":{"line":229,"column":null}},"94":{"start":{"line":179,"column":23},"end":{"line":179,"column":null}},"95":{"start":{"line":180,"column":6},"end":{"line":182,"column":null}},"96":{"start":{"line":181,"column":8},"end":{"line":181,"column":null}},"97":{"start":{"line":184,"column":22},"end":{"line":184,"column":null}},"98":{"start":{"line":185,"column":22},"end":{"line":185,"column":null}},"99":{"start":{"line":186,"column":21},"end":{"line":186,"column":null}},"100":{"start":{"line":188,"column":20},"end":{"line":188,"column":null}},"101":{"start":{"line":189,"column":6},"end":{"line":189,"column":null}},"102":{"start":{"line":191,"column":21},"end":{"line":194,"column":null}},"103":{"start":{"line":192,"column":8},"end":{"line":192,"column":null}},"104":{"start":{"line":192,"column":29},"end":{"line":192,"column":null}},"105":{"start":{"line":193,"column":8},"end":{"line":193,"column":null}},"106":{"start":{"line":193,"column":30},"end":{"line":193,"column":null}},"107":{"start":{"line":196,"column":6},"end":{"line":196,"column":null}},"108":{"start":{"line":197,"column":6},"end":{"line":197,"column":null}},"109":{"start":{"line":199,"column":20},"end":{"line":199,"column":null}},"110":{"start":{"line":200,"column":21},"end":{"line":200,"column":null}},"111":{"start":{"line":201,"column":21},"end":{"line":201,"column":null}},"112":{"start":{"line":202,"column":6},"end":{"line":202,"column":null}},"113":{"start":{"line":203,"column":6},"end":{"line":203,"column":null}},"114":{"start":{"line":205,"column":22},"end":{"line":205,"column":null}},"115":{"start":{"line":206,"column":6},"end":{"line":209,"column":null}},"116":{"start":{"line":207,"column":8},"end":{"line":207,"column":null}},"117":{"start":{"line":208,"column":8},"end":{"line":208,"column":null}},"118":{"start":{"line":211,"column":6},"end":{"line":211,"column":null}},"119":{"start":{"line":212,"column":6},"end":{"line":212,"column":null}},"120":{"start":{"line":213,"column":6},"end":{"line":213,"column":null}},"121":{"start":{"line":215,"column":22},"end":{"line":215,"column":null}},"122":{"start":{"line":215,"column":66},"end":{"line":215,"column":101}},"123":{"start":{"line":216,"column":6},"end":{"line":216,"column":null}},"124":{"start":{"line":217,"column":6},"end":{"line":219,"column":null}},"125":{"start":{"line":218,"column":8},"end":{"line":218,"column":null}},"126":{"start":{"line":221,"column":21},"end":{"line":221,"column":null}},"127":{"start":{"line":222,"column":19},"end":{"line":222,"column":null}},"128":{"start":{"line":223,"column":6},"end":{"line":223,"column":null}},"129":{"start":{"line":224,"column":6},"end":{"line":224,"column":null}},"130":{"start":{"line":225,"column":6},"end":{"line":225,"column":null}},"131":{"start":{"line":226,"column":6},"end":{"line":226,"column":null}},"132":{"start":{"line":228,"column":6},"end":{"line":228,"column":null}},"133":{"start":{"line":232,"column":2},"end":{"line":239,"column":null}},"134":{"start":{"line":233,"column":4},"end":{"line":237,"column":null}},"135":{"start":{"line":241,"column":2},"end":{"line":258,"column":null}},"136":{"start":{"line":242,"column":4},"end":{"line":256,"column":null}},"137":{"start":{"line":260,"column":21},"end":{"line":260,"column":null}},"138":{"start":{"line":261,"column":29},"end":{"line":261,"column":null}},"139":{"start":{"line":262,"column":21},"end":{"line":262,"column":null}},"140":{"start":{"line":263,"column":21},"end":{"line":263,"column":null}},"141":{"start":{"line":263,"column":44},"end":{"line":263,"column":103}},"142":{"start":{"line":264,"column":24},"end":{"line":264,"column":null}},"143":{"start":{"line":266,"column":2},"end":{"line":612,"column":null}},"144":{"start":{"line":285,"column":67},"end":{"line":285,"column":90}},"145":{"start":{"line":299,"column":117},"end":{"line":299,"column":null}},"146":{"start":{"line":325,"column":24},"end":{"line":363,"column":null}},"147":{"start":{"line":353,"column":32},"end":{"line":355,"column":null}},"148":{"start":{"line":386,"column":56},"end":{"line":390,"column":26}},"149":{"start":{"line":399,"column":45},"end":{"line":399,"column":null}},"150":{"start":{"line":425,"column":22},"end":{"line":451,"column":null}},"151":{"start":{"line":478,"column":77},"end":{"line":478,"column":null}},"152":{"start":{"line":496,"column":45},"end":{"line":496,"column":null}},"153":{"start":{"line":497,"column":28},"end":{"line":497,"column":null}},"154":{"start":{"line":498,"column":28},"end":{"line":498,"column":null}},"155":{"start":{"line":512,"column":40},"end":{"line":512,"column":null}},"156":{"start":{"line":513,"column":24},"end":{"line":536,"column":null}},"157":{"start":{"line":531,"column":117},"end":{"line":531,"column":null}},"158":{"start":{"line":590,"column":10},"end":{"line":590,"column":null}},"159":{"start":{"line":597,"column":10},"end":{"line":599,"column":null}},"160":{"start":{"line":598,"column":12},"end":{"line":598,"column":null}},"161":{"start":{"line":606,"column":10},"end":{"line":608,"column":null}},"162":{"start":{"line":607,"column":12},"end":{"line":607,"column":null}},"163":{"start":{"line":609,"column":10},"end":{"line":609,"column":null}}},"fnMap":{"0":{"name":"AssetDetailPage","decl":{"start":{"line":24,"column":24},"end":{"line":24,"column":40}},"loc":{"start":{"line":28,"column":3},"end":{"line":614,"column":null}},"line":28},"1":{"name":"(anonymous_1)","decl":{"start":{"line":49,"column":19},"end":{"line":49,"column":31}},"loc":{"start":{"line":49,"column":31},"end":{"line":77,"column":null}},"line":49},"2":{"name":"(anonymous_2)","decl":{"start":{"line":79,"column":12},"end":{"line":79,"column":18}},"loc":{"start":{"line":79,"colu
[...]
":null}},"19":{"start":{"line":78,"column":4},"end":{"line":78,"column":null}},"20":{"start":{"line":81,"column":17},"end":{"line":81,"column":null}},"21":{"start":{"line":82,"column":2},"end":{"line":82,"column":null}},"22":{"start":{"line":86,"column":15},"end":{"line":86,"column":null}},"23":{"start":{"line":87,"column":2},"end":{"line":87,"column":null}},"24":{"start":{"line":91,"column":2},"end":{"line":94,"column":null}},"25":{"start":{"line":92,"column":4},"end":{"line":92,"column":null}},"26":{"start":{"line":93,"column":4},"end":{"line":93,"column":null}},"27":{"start":{"line":96,"column":2},"end":{"line":96,"column":null}}},"fnMap":{"0":{"name":"createRuntime","decl":{"start":{"line":30,"column":9},"end":{"line":30,"column":34}},"loc":{"start":{"line":30,"column":34},"end":{"line":52,"column":null}},"line":30},"1":{"name":"extractRows","decl":{"start":{"line":63,"column":9},"end":{"line":63,"column":24}},"loc":{"start":{"line":63,"column":46},"end":{"line":73,"column":null}},"line":63},"2":{"name":"queryRows","decl":{"start":{"line":75,"column":22},"end":{"line":75,"column":67}},"loc":{"start":{"line":75,"column":93},"end":{"line":83,"column":null}},"line":75},"3":{"name":"queryFirst","decl":{"start":{"line":85,"column":22},"end":{"line":85,"column":68}},"loc":{"start":{"line":85,"column":99},"end":{"line":88,"column":null}},"line":85},"4":{"name":"runQuery","decl":{"start":{"line":90,"column":22},"end":{"line":90,"column":31}},"loc":{"start":{"line":90,"column":58},"end":{"line":97,"column":null}},"line":90}},"branchMap":{"0":{"loc":{"start":{"line":10,"column":18},"end":{"line":10,"column":null}},"type":"binary-expr","locations":[{"start":{"line":10,"column":18},"end":{"line":10,"column":44}},{"start":{"line":10,"column":44},"end":{"line":10,"column":null}}],"line":10},"1":{"loc":{"start":{"line":10,"column":44},"end":{"line":10,"column":null}},"type":"cond-expr","locations":[{"start":{"line":10,"column":95},"end":{"line":10,"column":102}},{"start":{"line":10,"column":102},"end":{"line":10,"column":null}}],"line":10},"2":{"loc":{"start":{"line":31,"column":2},"end":{"line":42,"column":null}},"type":"if","locations":[{"start":{"line":31,"column":2},"end":{"line":42,"column":null}},{"start":{},"end":{}}],"line":31},"3":{"loc":{"start":{"line":44,"column":25},"end":{"line":44,"column":null}},"type":"binary-expr","locations":[{"start":{"line":44,"column":25},"end":{"line":44,"column":56}},{"start":{"line":44,"column":56},"end":{"line":44,"column":null}}],"line":44},"4":{"loc":{"start":{"line":54,"column":16},"end":{"line":54,"column":null}},"type":"binary-expr","locations":[{"start":{"line":54,"column":16},"end":{"line":54,"column":51}},{"start":{"line":54,"column":51},"end":{"line":54,"column":null}}],"line":54},"5":{"loc":{"start":{"line":56,"column":0},"end":{"line":58,"column":null}},"type":"if","locations":[{"start":{"line":56,"column":0},"end":{"line":58,"column":null}},{"start":{},"end":{}}],"line":56},"6":{"loc":{"start":{"line":64,"column":2},"end":{"line":66,"column":null}},"type":"if","locations":[{"start":{"line":64,"column":2},"end":{"line":66,"column":null}},{"start":{},"end":{}}],"line":64},"7":{"loc":{"start":{"line":68,"column":2},"end":{"line":70,"column":null}},"type":"if","locations":[{"start":{"line":68,"column":2},"end":{"line":70,"column":null}},{"start":{},"end":{}}],"line":68},"8":{"loc":{"start":{"line":68,"column":6},"end":{"line":68,"column":64}},"type":"binary-expr","locations":[{"start":{"line":68,"column":6},"end":{"line":68,"column":16}},{"start":{"line":68,"column":16},"end":{"line":68,"column":46}},{"start":{"line":68,"column":46},"end":{"line":68,"column":64}}],"line":68},"9":{"loc":{"start":{"line":69,"column":13},"end":{"line":69,"column":null}},"type":"binary-expr","locations":[{"start":{"line":69,"column":13},"end":{"line":69,"column":53}},{"start":{"line":69,"column":53},"end":{"line":69,"column":null}}],"line":69},"10":{"loc":{"start":{"line":76,"column":2},"end":{"line":79,"column":null}},"type":"if","locations":[{"start":{"line":76,"column":2},"end":{"line":79,"column":null}},{"start":{},"end":{}}],"line":76},"11":{"loc":{"start":{"line":87,"column":9},"end":{"line":87,"column":null}},"type":"binary-expr","locations":[{"start":{"line":87,"column":9},"end":{"line":87,"column":20}},{"start":{"line":87,"column":20},"end":{"line":87,"column":null}}],"line":87},"12":{"loc":{"start":{"line":91,"column":2},"end":{"line":94,"column":null}},"type":"if","locations":[{"start":{"line":91,"column":2},"end":{"line":94,"column":null}},{"start":{},"end":{}}],"line":91}},"s":{"0":2,"1":2,"2":1,"3":1,"4":1,"5":2,"6":2,"7":2,"8":2,"9":2,"10":2,"11":2,"12":2,"13":1,"14":1,"15":1,"16":0,"17":2,"18":1,"19":1,"20":1,"21":1,"22":0,"23":0,"24":3,"25":1,"26":1,"27":2},"f":{"0":2,"1":2,"2":2,"3":0,"4":3},"b":{"0":[2,0],"1":[0,0],"2":[1,1],"3":[1,0],"4":[2,2],"5":[2,0],"6":[1,1],"7":[1,0],"8":[1,1,1],"9":[1,0],"10":[1,1],"11":[0,0],"12":[1,2]},"meta":{"lastBranch":13,"lastFunction":5,"lastStatement":28,"seen":{"s:10:18:10:Infinity":0,"b:10:18:10:44:10:44:10:Infinity":0,"b:10:95:10:102:10:102:10:Infinity":1,"f:30:9:30:34":0,"b:31:2:42:Infinity:undefined:undefined:undefined:undefined":2,"s:31:2:42:Infinity":1,"s:32:17:35:Infinity":2,"s:37:4:41:Infinity":3,"s:44:25:44:Infinity":4,"b:44:25:44:56:44:56:44:Infinity":3,"s:45:17:45:Infinity":5,"s:47:2:51:Infinity":6,"s:54:16:54:Infinity":7,"b:54:16:54:51:54:51:54:Infinity":4,"b:56:0:58:Infinity:undefined:undefined:undefined:undefined":5,"s:56:0:58:Infinity":8,"s:57:2:57:Infinity":9,"s:60:30:60:Infinity":10,"s:61:18:61:Infinity":11,"f:63:9:63:24":1,"b:64:2:66:Infinity:undefined:undefined:undefined:undefined":6,"s:64:2:66:Infinity":12,"s:65:4:65:Infinity":13,"b:68:2:70:Infinity:undefined:undefined:undefined:undefined":7,"s:68:2:70:Infinity":14,"b:68:6:68:16:68:16:68:46:68:46:68:64":8,"s:69:4:69:Infinity":15,"b:69:13:69:53:69:53:69:Infinity":9,"s:72:2:72:Infinity":16,"f:75:22:75:67":2,"b:76:2:79:Infinity:undefined:undefined:undefined:undefined":10,"s:76:2:79:Infinity":17,"s:77:19:77:Infinity":18,"s:78:4:78:Infinity":19,"s:81:17:81:Infinity":20,"s:82:2:82:Infinity":21,"f:85:22:85:68":3,"s:86:15:86:Infinity":22,"s:87:2:87:Infinity":23,"b:87:9:87:20:87:20:87:Infinity":11,"f:90:22:90:31":4,"b:91:2:94:Infinity:undefined:undefined:undefined:undefined":12,"s:91:2:94:Infinity":24,"s:92:4:92:Infinity":25,"s:93:4:93:Infinity":26,"s:96:2:96:Infinity":27}}}
,"/Users/henryschwerdtner/dev/shelf/lib/i18n-locale-overrides.ts": {"path":"/Users/henryschwerdtner/dev/shelf/lib/i18n-locale-overrides.ts","statementMap":{"0":{"start":{"line":5,"column":82},"end":{"line":5853,"column":null}}},"fnMap":{},"branchMap":{},"s":{"0":4},"f":{},"b":{},"meta":{"lastBranch":0,"lastFunction":0,"lastStatement":1,"seen":{"s:5:82:5853:Infinity":0}}}
,"/Users/henryschwerdtner/dev/shelf/lib/i18n.ts": {"path":"/Users/henryschwerdtner/dev/shelf/lib/i18n.ts","statementMap":{"0":{"start":{"line":4,"column":50},"end":{"line":29,"column":null}},"1":{"start":{"line":31,"column":61},"end":{"line":56,"column":null}},"2":{"start":{"line":63,"column":29},"end":{"line":650,"column":null}},"3":{"start":{"line":653,"column":63},"end":{"line":678,"column":null}},"4":{"start":{"line":681,"column":19},"end":{"line":681,"column":null}},"5":{"start":{"line":682,"column":29},"end":{"line":682,"column":null}},"6":{"start":{"line":684,"column":2},"end":{"line":686,"column":null}},"7":{"start":{"line":685,"column":4},"end":{"line":685,"column":null}},"8":{"start":{"line":688,"column":2},"end":{"line":691,"column":null}},"9":{"start":{"line":689,"column":18},"end":{"line":689,"column":null}},"10":{"start":{"line":690,"column":4},"end":{"line":690,"column":null}}},"fnMap":{"0":{"name":"translate","decl":{"start":{"line":680,"column":16},"end":{"line":680,"column":26}},"loc":{"start":{"line":680,"column":100},"end":{"line":692,"column":null}},"line":680},"1":{"name":"(anonymous_1)","decl":{"start":{"line":688,"column":50},"end":{"line":688,"column":51}},"loc":{"start":{"line":688,"column":64},"end":{"line":691,"column":3}},"line":688}},"branchMap":{"0":{"loc":{"start":{"line":655,"column":19},"end":{"line":655,"column":45}},"type":"binary-expr","locations":[{"start":{"line":655,"column":19},"end":{"line":655,"column":41}},{"start":{"line":655,"column":41},"end":{"line":655,"column":45}}],"line":655},"1":{"loc":{"start":{"line":656,"column":19},"end":{"line":656,"column":45}},"type":"binary-expr","locations":[{"start":{"line":656,"column":19},"end":{"line":656,"column":41}},{"start":{"line":656,"column":41},"end":{"line":656,"column":45}}],"line":656},"2":{"loc":{"start":{"line":657,"column":19},"end":{"line":657,"column":45}},"type":"binary-expr","locations":[{"start":{"line":657,"column":19},"end":{"line":657,"column":41}},{"start":{"line":657,"column":41},"end":{"line":657,"column":45}}],"line":657},"3":{"loc":{"start":{"line":658,"column":19},"end":{"line":658,"column":45}},"type":"binary-expr","locations":[{"start":{"line":658,"column":19},"end":{"line":658,"column":41}},{"start":{"line":658,"column":41},"end":{"line":658,"column":45}}],"line":658},"4":{"loc":{"start":{"line":659,"column":19},"end":{"line":659,"column":45}},"type":"binary-expr","locations":[{"start":{"line":659,"column":19},"end":{"line":659,"column":41}},{"start":{"line":659,"column":41},"end":{"line":659,"column":45}}],"line":659},"5":{"loc":{"start":{"line":660,"column":19},"end":{"line":660,"column":45}},"type":"binary-expr","locations":[{"start":{"line":660,"column":19},"end":{"line":660,"column":41}},{"start":{"line":660,"column":41},"end":{"line":660,"column":45}}],"line":660},"6":{"loc":{"start":{"line":661,"column":19},"end":{"line":661,"column":45}},"type":"binary-expr","locations":[{"start":{"line":661,"column":19},"end":{"line":661,"column":41}},{"start":{"line":661,"column":41},"end":{"line":661,"column":45}}],"line":661},"7":{"loc":{"start":{"line":662,"column":19},"end":{"line":662,"column":45}},"type":"binary-expr","locations":[{"start":{"line":662,"column":19},"end":{"line":662,"column":41}},{"start":{"line":662,"column":41},"end":{"line":662,"column":45}}],"line":662},"8":{"loc":{"start":{"line":663,"column":19},"end":{"line":663,"column":45}},"type":"binary-expr","locations":[{"start":{"line":663,"column":19},"end":{"line":663,"column":41}},{"start":{"line":663,"column":41},"end":{"line":663,"column":45}}],"line":663},"9":{"loc":{"start":{"line":664,"column":19},"end":{"line":664,"column":45}},"type":"binary-expr","locations":[{"start":{"line":664,"column":19},"end":{"line":664,"column":41}},{"start":{"line":664,"column":41},"end":{"line":664,"column":45}}],"line":664},"10":{"loc":{"start":{"line":665,"column":19},"end":{"line":665,"column":45}},"type":"binary-expr","locations":[{"start":{"line":665,"column":19},"end":{"line":665,"column":41}},{"start":{"line":665,"column":41},"end":{"line":665,"column":45}}],"line":665},"11":{"loc":{"start":{"line":666,"column":19},"end":{"line":666,"column":45}},"type":"binary-expr","locations":[{"start":{"line":666,"column":19},"end":{"line":666,"column":41}},{"start":{"line":666,"column":41},"end":{"line":666,"column":45}}],"line":666},"12":{"loc":{"start":{"line":667,"column":19},"end":{"line":667,"column":45}},"type":"binary-expr","locations":[{"start":{"line":667,"column":19},"end":{"line":667,"column":41}},{"start":{"line":667,"column":41},"end":{"line":667,"column":45}}],"line":667},"13":{"loc":{"start":{"line":668,"column":19},"end":{"line":668,"column":45}},"type":"binary-expr","locations":[{"start":{"line":668,"column":19},"end":{"line":668,"column":41}},{"start":{"line":668,"column":41},"end":{"line":668,"column":45}}],"line":668},"14":{"loc":{"start":{"line":669,"column":19},"end":{"line":669,"column":45}},"type":"binary-expr","locations":[{"start":{"line":669,"column":19},"end":{"line":669,"column":41}},{"start":{"line":669,"column":41},"end":{"line":669,"column":45}}],"line":669},"15":{"loc":{"start":{"line":670,"column":19},"end":{"line":670,"column":45}},"type":"binary-expr","locations":[{"start":{"line":670,"column":19},"end":{"line":670,"column":41}},{"start":{"line":670,"column":41},"end":{"line":670,"column":45}}],"line":670},"16":{"loc":{"start":{"line":671,"column":19},"end":{"line":671,"column":45}},"type":"binary-expr","locations":[{"start":{"line":671,"column":19},"end":{"line":671,"column":41}},{"start":{"line":671,"column":41},"end":{"line":671,"column":45}}],"line":671},"17":{"loc":{"start":{"line":672,"column":19},"end":{"line":672,"column":45}},"type":"binary-expr","locations":[{"start":{"line":672,"column":19},"end":{"line":672,"column":41}},{"start":{"line":672,"column":41},"end":{"line":672,"column":45}}],"line":672},"18":{"loc":{"start":{"line":673,"column":19},"end":{"line":673,"column":45}},"type":"binary-expr","locations":[{"start":{"line":673,"column":19},"end":{"line":673,"column":41}},{"start":{"line":673,"column":41},"end":{"line":673,"column":45}}],"line":673},"19":{"loc":{"start":{"line":674,"column":19},"end":{"line":674,"column":45}},"type":"binary-expr","locations":[{"start":{"line":674,"column":19},"end":{"line":674,"column":41}},{"start":{"line":674,"column":41},"end":{"line":674,"column":45}}],"line":674},"20":{"loc":{"start":{"line":675,"column":19},"end":{"line":675,"column":45}},"type":"binary-expr","locations":[{"start":{"line":675,"column":19},"end":{"line":675,"column":41}},{"start":{"line":675,"column":41},"end":{"line":675,"column":45}}],"line":675},"21":{"loc":{"start":{"line":676,"column":19},"end":{"line":676,"column":45}},"type":"binary-expr","locations":[{"start":{"line":676,"column":19},"end":{"line":676,"column":41}},{"start":{"line":676,"column":41},"end":{"line":676,"column":45}}],"line":676},"22":{"loc":{"start":{"line":677,"column":19},"end":{"line":677,"column":45}},"type":"binary-expr","locations":[{"start":{"line":677,"column":19},"end":{"line":677,"column":41}},{"start":{"line":677,"column":41},"end":{"line":677,"column":45}}],"line":677},"23":{"loc":{"start":{"line":681,"column":19},"end":{"line":681,"column":null}},"type":"binary-expr","locations":[{"start":{"line":681,"column":19},"end":{"line":681,"column":50}},{"start":{"line":681,"column":50},"end":{"line":681,"column":61}},{"start":{"line":681,"column":61},"end":{"line":681,"column":null}}],"line":681},"24":{"loc":{"start":{"line":684,"column":2},"end":{"line":686,"column":null}},"type":"if","locations":[{"start":{"line":684,"column":2},"end":{"line":686,"column":null}},{"start":{},"end":{}}],"line":684},"25":{"loc":{"start":{"line":690,"column":11},"end":{"line":690,"column":null}},"type":"cond-expr","locations":[{"start":{"line":690,"column":51},"end":{"line":690,"column":66}},{"start":{"line":690,"column":66},"end":{"line":690,"column":null}}],"line":690},"26":{"loc":{"start":{"line":690,"column":11},"end":{"line":690,"column":51}},"type":"binary-expr","locations":[{"start":{"line":690,"column":11},"end":{"line":690,"column":34}},{"start":{"line":690,"column":34},"end":{"line":690,"column":51}}],"line":690}},"s":{"0":4,"1":4,"2":4,"3":4,"4":9,"5":9,"6":9,"7":8,"8":1,"9":1,"10":1},"f":{"0":9,"1":1},"b":{"0":[4,0],"1":[4,0],"2":[4,0],"3":[4,0],"4":[4,0],"5":[4,0],"6":[4,0],"7":[4,0],"8":[4,0],"9":[4,0],"10":[4,0],"11":[4,0],"12":[4,0],"13":[4,0],"14":[4,0],"15":[4,0],"16":[4,0],"17":[4,0],"18":[4,0],"19":[4,0],"20":[4,0],"21":[4,0],"22":[4,0],"23":[9,1,1],"24":[8,1],"25":[0,1],"26":[1,1]},"meta":{"lastBranch":27,"lastFunction":2,"lastStatement":11,"seen":{"s:4:50:29:Infinity":0,"s:31:61:56:Infinity":1,"s:63:29:650:Infinity":2,"s:653:63:678:Infinity":3,"b:655:19:655:41:655:41:655:45":0,"b:656:19:656:41:656:41:656:45":1,"b:657:19:657:41:657:41:657:45":2,"b:658:19:658:41:658:41:658:45":3,"b:659:19:659:41:659:41:659:45":4,"b:660:19:660:41:660:41:660:45":5,"b:661:19:661:41:661:41:661:45":6,"b:662:19:662:41:662:41:662:45":7,"b:663:19:663:41:663:41:663:45":8,"b:664:19:664:41:664:41:664:45":9,"b:665:19:665:41:665:41:665:45":10,"b:666:19:666:41:666:41:666:45":11,"b:667:19:667:41:667:41:667:45":12,"b:668:19:668:41:668:41:668:45":13,"b:669:19:669:41:669:41:669:45":14,"b:670:19:670:41:670:41:670:45":15,"b:671:19:671:41:671:41:671:45":16,"b:672:19:672:41:672:41:672:45":17,"b:673:19:673:41:673:41:673:45":18,"b:674:19:674:41:674:41:674:45":19,"b:675:19:675:41:675:41:675:45":20,"b:676:19:676:41:676:41:676:45":21,"b:677:19:677:41:677:41:677:45":22,"f:680:16:680:26":0,"s:681:19:681:Infinity":4,"b:681:19:681:50:681:50:681:61:681:61:681:Infinity":23,"s:682:29:682:Infinity":5,"b:684:2:686:Infinity:undefined:undefined:undefined:undefined":24,"s:684:2:686:Infinity":6,"s:685:4:685:Infinity":7,"s:688:2:691:Infinity":8,"f:688:50:688:51":1,"s:689:18:689:Infinity":9,"s:690:4:690:Infinity":10,"b:690:51:690:66:690:66:690:Infinity":25,"b:690:11:690:34:690:34:690:51":26}}}
,"/Users/henryschwerdtner/dev/shelf/lib/intl.ts": {"path":"/Users/henryschwerdtner/dev/shelf/lib/intl.ts","statementMap":{"0":{"start":{"line":4,"column":8},"end":{"line":4,"column":null}},"1":{"start":{"line":5,"column":2},"end":{"line":5,"column":null}},"2":{"start":{"line":9,"column":2},"end":{"line":9,"column":null}},"3":{"start":{"line":18,"column":2},"end":{"line":22,"column":null}},"4":{"start":{"line":30,"column":2},"end":{"line":30,"column":null}}},"fnMap":{"0":{"name":"normalizeCurrency","decl":{"start":{"line":3,"column":16},"end":{"line":3,"column":34}},"loc":{"start":{"line":3,"column":76},"end":{"line":6,"column":null}},"line":3},"1":{"name":"localeTag","decl":{"start":{"line":8,"column":16},"end":{"line":8,"column":26}},"loc":{"start":{"line":8,"column":86},"end":{"line":10,"column":null}},"line":8},"2":{"name":"formatCurrencyValue","decl":{"start":{"line":12,"column":16},"end":{"line":12,"column":36}},"loc":{"start":{"line":17,"column":11},"end":{"line":23,"column":null}},"line":17},"3":{"name":"formatDateValue","decl":{"start":{"line":25,"column":16},"end":{"line":25,"column":32}},"loc":{"start":{"line":29,"column":11},"end":{"line":31,"column":null}},"line":29}},"branchMap":{"0":{"loc":{"start":{"line":4,"column":17},"end":{"line":4,"column":33}},"type":"binary-expr","locations":[{"start":{"line":4,"column":17},"end":{"line":4,"column":26}},{"start":{"line":4,"column":26},"end":{"line":4,"column":33}}],"line":4},"1":{"loc":{"start":{"line":5,"column":9},"end":{"line":5,"column":null}},"type":"cond-expr","locations":[{"start":{"line":5,"column":36},"end":{"line":5,"column":44}},{"start":{"line":5,"column":44},"end":{"line":5,"column":null}}],"line":5},"2":{"loc":{"start":{"line":9,"column":2},"end":{"line":9,"column":null}},"type":"binary-expr","locations":[{"start":{"line":9,"column":2},"end":{"line":9,"column":36}},{"start":{"line":9,"column":36},"end":{"line":9,"column":null}}],"line":9},"3":{"loc":{"start":{"line":9,"column":10},"end":{"line":9,"column":26}},"type":"binary-expr","locations":[{"start":{"line":9,"column":10},"end":{"line":9,"column":20}},{"start":{"line":9,"column":20},"end":{"line":9,"column":26}}],"line":9}},"s":{"0":0,"1":0,"2":0,"3":0,"4":0},"f":{"0":0,"1":0,"2":0,"3":0},"b":{"0":[0,0],"1":[0,0],"2":[0,0],"3":[0,0]},"meta":{"lastBranch":4,"lastFunction":4,"lastStatement":5,"seen":{"f:3:16:3:34":0,"s:4:8:4:Infinity":0,"b:4:17:4:26:4:26:4:33":0,"s:5:2:5:Infinity":1,"b:5:36:5:44:5:44:5:Infinity":1,"f:8:16:8:26":1,"s:9:2:9:Infinity":2,"b:9:2:9:36:9:36:9:Infinity":2,"b:9:10:9:20:9:20:9:26":3,"f:12:16:12:36":2,"s:18:2:22:Infinity":3,"f:25:16:25:32":3,"s:30:2:30:Infinity":4}}}
,"/Users/henryschwerdtner/dev/shelf/lib/utils.ts": {"path":"/Users/henryschwerdtner/dev/shelf/lib/utils.ts","statementMap":{"0":{"start":{"line":5,"column":2},"end":{"line":5,"column":null}}},"fnMap":{"0":{"name":"cn","decl":{"start":{"line":4,"column":16},"end":{"line":4,"column":22}},"loc":{"start":{"line":4,"column":44},"end":{"line":6,"column":null}},"line":4}},"branchMap":{},"s":{"0":897},"f":{"0":897},"b":{},"meta":{"lastBranch":0,"lastFunction":1,"lastStatement":1,"seen":{"f:4:16:4:22":0,"s:5:2:5:Infinity":0}}}
}
